Log file open, 04/28/22 20:40:59
LogWindows: Failed to load 'aqProf.dll' (GetLastError=126)
LogWindows: File 'aqProf.dll' does not exist
LogWindows: Failed to load 'VtuneApi.dll' (GetLastError=126)
LogWindows: File 'VtuneApi.dll' does not exist
LogWindows: Failed to load 'VtuneApi32e.dll' (GetLastError=126)
LogWindows: File 'VtuneApi32e.dll' does not exist
LogConsoleResponse: Display: Failed to find resolution value strings in scalability ini. Falling back to default.
LogInit: Display: Running engine for game: behaviourtreeandres
LogPakFile: Registered encryption key '00000000000000000000000000000000': 0 pak files mounted, 0 remain pending
LogPlatformFile: Not using cached read wrapper
LogTaskGraph: Started task graph with 5 named threads and 23 total threads with 3 sets of task threads.
LogStats: Stats thread started at 0.405435
LogD3D11RHI: Loaded GFSDK_Aftermath_Lib.x64.dll
LogICUInternationalization: ICU TimeZone Detection - Raw Offset: -6:00, Platform Override: ''
LogPluginManager: Mounting plugin Paper2D
LogPluginManager: Mounting plugin AISupport
LogPluginManager: Mounting plugin LightPropagationVolume
LogPluginManager: Mounting plugin ActorLayerUtilities
LogPluginManager: Mounting plugin AnimationSharing
LogPluginManager: Mounting plugin CLionSourceCodeAccess
LogPluginManager: Mounting plugin CodeLiteSourceCodeAccess
LogPluginManager: Mounting plugin GitSourceControl
LogPluginManager: Mounting plugin KDevelopSourceCodeAccess
LogPluginManager: Mounting plugin NullSourceCodeAccess
LogPluginManager: Mounting plugin PerforceSourceControl
LogPluginManager: Mounting plugin SubversionSourceControl
LogPluginManager: Mounting plugin UObjectPlugin
LogPluginManager: Mounting plugin VisualStudioCodeSourceCodeAccess
LogPluginManager: Mounting plugin VisualStudioSourceCodeAccess
LogPluginManager: Mounting plugin XCodeSourceCodeAccess
LogPluginManager: Mounting plugin AssetManagerEditor
LogPluginManager: Mounting plugin CryptoKeys
LogPluginManager: Mounting plugin DataValidation
LogPluginManager: Mounting plugin FacialAnimation
LogPluginManager: Mounting plugin GameplayTagsEditor
LogPluginManager: Mounting plugin MacGraphicsSwitching
LogPluginManager: Mounting plugin MaterialAnalyzer
LogPluginManager: Mounting plugin MobileLauncherProfileWizard
LogPluginManager: Mounting plugin PluginBrowser
LogPluginManager: Mounting plugin SpeedTreeImporter
LogPluginManager: Mounting plugin DatasmithContent
LogPluginManager: Mounting plugin VariantManagerContent
LogPluginManager: Mounting plugin AlembicImporter
LogPluginManager: Mounting plugin AppleImageUtils
LogPluginManager: Mounting plugin AppleVision
LogPluginManager: Mounting plugin BackChannel
LogPluginManager: Mounting plugin CharacterAI
LogPluginManager: Mounting plugin GeometryCache
LogPluginManager: Mounting plugin HTML5Networking
LogPluginManager: Mounting plugin ProxyLODPlugin
LogPluginManager: Mounting plugin SkeletalReduction
LogPluginManager: Mounting plugin MagicLeap
LogPluginManager: Mounting plugin MagicLeapMedia
LogPluginManager: Mounting plugin AndroidMedia
LogPluginManager: Mounting plugin AvfMedia
LogPluginManager: Mounting plugin ImgMedia
LogPluginManager: Mounting plugin LinearTimecode
LogPluginManager: Mounting plugin MediaCompositing
LogPluginManager: Mounting plugin MediaPlayerEditor
LogPluginManager: Mounting plugin WebMMedia
LogPluginManager: Mounting plugin WmfMedia
LogPluginManager: Mounting plugin TcpMessaging
LogPluginManager: Mounting plugin UdpMessaging
LogPluginManager: Mounting plugin ActorSequence
LogPluginManager: Mounting plugin LevelSequenceEditor
LogPluginManager: Mounting plugin MatineeToLevelSequence
LogPluginManager: Mounting plugin NetcodeUnitTest
LogPluginManager: Mounting plugin NUTUnrealEngine4
LogPluginManager: Mounting plugin OnlineSubsystemGooglePlay
LogPluginManager: Mounting plugin OnlineSubsystemIOS
LogPluginManager: Mounting plugin OnlineSubsystem
LogPluginManager: Mounting plugin OnlineSubsystemNull
LogPluginManager: Mounting plugin OnlineSubsystemUtils
LogPluginManager: Mounting plugin LauncherChunkInstaller
LogPluginManager: Mounting plugin AndroidDeviceProfileSelector
LogPluginManager: Mounting plugin AndroidMoviePlayer
LogPluginManager: Mounting plugin AndroidPermission
LogPluginManager: Mounting plugin AppleMoviePlayer
LogPluginManager: Mounting plugin ArchVisCharacter
LogPluginManager: Mounting plugin AudioCapture
LogPluginManager: Mounting plugin CableComponent
LogPluginManager: Mounting plugin CustomMeshComponent
LogPluginManager: Mounting plugin EditableMesh
LogPluginManager: Mounting plugin ExampleDeviceProfileSelector
LogPluginManager: Mounting plugin Firebase
LogPluginManager: Mounting plugin GoogleCloudMessaging
LogPluginManager: Mounting plugin IOSDeviceProfileSelector
LogPluginManager: Mounting plugin LinuxDeviceProfileSelector
LogPluginManager: Mounting plugin LocationServicesBPLibrary
LogPluginManager: Mounting plugin MobilePatchingUtils
LogPluginManager: Mounting plugin OculusVR
LogPluginManager: Mounting plugin PhysXVehicles
LogPluginManager: Mounting plugin ProceduralMeshComponent
LogPluginManager: Mounting plugin RuntimePhysXCooking
LogPluginManager: Mounting plugin SignificanceManager
LogPluginManager: Mounting plugin SteamVR
LogPluginManager: Mounting plugin WebMMoviePlayer
LogPluginManager: Mounting plugin WindowsMoviePlayer
LogInit: Using libcurl 7.55.1-DEV
LogInit:  - built for x86_64-pc-win32
LogInit:  - supports SSL with OpenSSL/1.1.1
LogInit:  - supports HTTP deflate (compression) using libz 1.2.8
LogInit:  - other features:
LogInit:      CURL_VERSION_SSL
LogInit:      CURL_VERSION_LIBZ
LogInit:      CURL_VERSION_IPV6
LogInit:      CURL_VERSION_ASYNCHDNS
LogInit:      CURL_VERSION_LARGEFILE
LogInit:      CURL_VERSION_IDN
LogInit:  CurlRequestOptions (configurable via config and command line):
LogInit:  - bVerifyPeer = true  - Libcurl will verify peer certificate
LogInit:  - bUseHttpProxy = false  - Libcurl will NOT use HTTP proxy
LogInit:  - bDontReuseConnections = false  - Libcurl will reuse connections
LogInit:  - MaxHostConnections = 16  - Libcurl will limit the number of connections to a host
LogInit:  - LocalHostAddr = Default
LogInit:  - BufferSize = 65536
LogInit: WinSock: version 1.1 (2.2), MaxSocks=32767, MaxUdp=65467
LogInit: Build: ++UE4+Release-4.22-CL-7053642
LogInit: Engine Version: 4.22.3-7053642+++UE4+Release-4.22
LogInit: Compatible Engine Version: 4.22.0-5660361+++UE4+Release-4.22
LogInit: Net CL: 5660361
LogInit: OS: Windows 10 (Release 2009) (), CPU: Intel(R) Core(TM) i7-7700HQ CPU @ 2.80GHz, GPU: Intel(R) HD Graphics 630
LogInit: Compiled (64-bit): Jun 18 2019 03:09:11
LogInit: Compiled with Visual C++: 19.16.27025.01
LogInit: Build Configuration: Development
LogInit: Branch Name: ++UE4+Release-4.22
LogInit: Command Line:  -EpicPortal -epicusername="yuri andrew37" -epicuserid=c25fae88957f4f7798a5a299664c0e18 -epiclocale=es-MX -epicsandboxid=ue
LogInit: Base Directory: C:/Program Files/Epic Games/UE_4.22/UE_4.22/Engine/Binaries/Win64/
LogInit: Installed Engine Build: 1
LogDevObjectVersion: Number of dev versions registered: 23
LogDevObjectVersion:   Dev-Blueprints (B0D832E4-1F89-4F0D-ACCF-7EB736FD4AA2): 10
LogDevObjectVersion:   Dev-Build (E1C64328-A22C-4D53-A36C-8E866417BD8C): 0
LogDevObjectVersion:   Dev-Core (375EC13C-06E4-48FB-B500-84F0262A717E): 3
LogDevObjectVersion:   Dev-Editor (E4B068ED-F494-42E9-A231-DA0B2E46BB41): 30
LogDevObjectVersion:   Dev-Framework (CFFC743F-43B0-4480-9391-14DF171D2073): 35
LogDevObjectVersion:   Dev-Mobile (B02B49B5-BB20-44E9-A304-32B752E40360): 2
LogDevObjectVersion:   Dev-Networking (A4E4105C-59A1-49B5-A7C5-40C4547EDFEE): 0
LogDevObjectVersion:   Dev-Online (39C831C9-5AE6-47DC-9A44-9C173E1C8E7C): 0
LogDevObjectVersion:   Dev-Physics (78F01B33-EBEA-4F98-B9B4-84EACCB95AA2): 0
LogDevObjectVersion:   Dev-Platform (6631380F-2D4D-43E0-8009-CF276956A95A): 0
LogDevObjectVersion:   Dev-Rendering (12F88B9F-8875-4AFC-A67C-D90C383ABD29): 28
LogDevObjectVersion:   Dev-Sequencer (7B5AE74C-D270-4C10-A958-57980B212A5A): 11
LogDevObjectVersion:   Dev-VR (D7296918-1DD6-4BDD-9DE2-64A83CC13884): 2
LogDevObjectVersion:   Dev-LoadTimes (C2A15278-BFE7-4AFE-6C17-90FF531DF755): 1
LogDevObjectVersion:   Private-Geometry (6EACA3D4-40EC-4CC1-B786-8BED09428FC5): 3
LogDevObjectVersion:   Dev-AnimPhys (29E575DD-E0A3-4627-9D10-D276232CDCEA): 17
LogDevObjectVersion:   Dev-Anim (AF43A65D-7FD3-4947-9873-3E8ED9C1BB05): 2
LogDevObjectVersion:   Dev-ReflectionCapture (6B266CEC-1EC7-4B8F-A30B-E4D90942FC07): 1
LogDevObjectVersion:   Dev-Automation (0DF73D61-A23F-47EA-B727-89E90C41499A): 1
LogDevObjectVersion:   FortniteMain (601D1886-AC64-4F84-AA16-D3DE0DEAC7D6): 25
LogDevObjectVersion:   Dev-Enterprise (9DFFBCD6-494F-0158-E221-12823C92A888): 6
LogDevObjectVersion:   Dev-Niagara (F2AED0AC-9AFE-416F-8664-AA7FFA26D6FC): 1
LogDevObjectVersion:   Dev-Destruction (174F1F0B-B4C6-45A5-B13F-2EE8D0FB917D): 2
LogInit: Presizing for max 16777216 objects, including 0 objects not considered by GC, pre-allocating 0 bytes for permanent pool.
LogInit: Object subsystem initialized
LogConfig: Setting CVar [[con.DebugEarlyDefault:1]]
LogConfig: Setting CVar [[r.setres:1280x720]]
[2022.04.29-01.41.02:020][  0]LogConfig: Setting CVar [[r.VSync:0]]
[2022.04.29-01.41.02:020][  0]LogConfig: Setting CVar [[r.RHICmdBypass:0]]
[2022.04.29-01.41.02:021][  0]LogConfig: Applying CVar settings from Section [/Script/Engine.RendererSettings] File [C:/Users/andre/OneDrive/Documentos/Unreal Projects/behaviourtreeandres/Saved/Config/Windows/Engine.ini]
[2022.04.29-01.41.02:021][  0]LogConfig: Setting CVar [[r.GPUCrashDebugging:0]]
[2022.04.29-01.41.02:021][  0]LogConfig: Applying CVar settings from Section [/Script/Engine.RendererOverrideSettings] File [C:/Users/andre/OneDrive/Documentos/Unreal Projects/behaviourtreeandres/Saved/Config/Windows/Engine.ini]
[2022.04.29-01.41.02:021][  0]LogConfig: Applying CVar settings from Section [/Script/Engine.StreamingSettings] File [C:/Users/andre/OneDrive/Documentos/Unreal Projects/behaviourtreeandres/Saved/Config/Windows/Engine.ini]
[2022.04.29-01.41.02:021][  0]LogConfig: Setting CVar [[s.MinBulkDataSizeForAsyncLoading:131072]]
[2022.04.29-01.41.02:021][  0]LogConfig: Setting CVar [[s.AsyncLoadingThreadEnabled:0]]
[2022.04.29-01.41.02:021][  0]LogConfig: Setting CVar [[s.EventDrivenLoaderEnabled:1]]
[2022.04.29-01.41.02:021][  0]LogConfig: Setting CVar [[s.WarnIfTimeLimitExceeded:0]]
[2022.04.29-01.41.02:022][  0]LogConfig: Setting CVar [[s.TimeLimitExceededMultiplier:1.5]]
[2022.04.29-01.41.02:022][  0]LogConfig: Setting CVar [[s.TimeLimitExceededMinTime:0.005]]
[2022.04.29-01.41.02:022][  0]LogConfig: Setting CVar [[s.UseBackgroundLevelStreaming:1]]
[2022.04.29-01.41.02:022][  0]LogConfig: Setting CVar [[s.PriorityAsyncLoadingExtraTime:15.0]]
[2022.04.29-01.41.02:022][  0]LogConfig: Setting CVar [[s.LevelStreamingActorsUpdateTimeLimit:5.0]]
[2022.04.29-01.41.02:022][  0]LogConfig: Setting CVar [[s.PriorityLevelStreamingActorsUpdateExtraTime:5.0]]
[2022.04.29-01.41.02:022][  0]LogConfig: Setting CVar [[s.LevelStreamingComponentsRegistrationGranularity:10]]
[2022.04.29-01.41.02:022][  0]LogConfig: Setting CVar [[s.UnregisterComponentsTimeLimit:1.0]]
[2022.04.29-01.41.02:022][  0]LogConfig: Setting CVar [[s.LevelStreamingComponentsUnregistrationGranularity:5]]
[2022.04.29-01.41.02:022][  0]LogConfig: Applying CVar settings from Section [/Script/Engine.GarbageCollectionSettings] File [C:/Users/andre/OneDrive/Documentos/Unreal Projects/behaviourtreeandres/Saved/Config/Windows/Engine.ini]
[2022.04.29-01.41.02:022][  0]LogConfig: Setting CVar [[gc.MaxObjectsNotConsideredByGC:1]]
[2022.04.29-01.41.02:022][  0]LogConfig: Setting CVar [[gc.SizeOfPermanentObjectPool:0]]
[2022.04.29-01.41.02:022][  0]LogConfig: Setting CVar [[gc.FlushStreamingOnGC:0]]
[2022.04.29-01.41.02:022][  0]LogConfig: Setting CVar [[gc.NumRetriesBeforeForcingGC:10]]
[2022.04.29-01.41.02:022][  0]LogConfig: Setting CVar [[gc.AllowParallelGC:1]]
[2022.04.29-01.41.02:022][  0]LogConfig: Setting CVar [[gc.TimeBetweenPurgingPendingKillObjects:61.1]]
[2022.04.29-01.41.02:022][  0]LogConfig: Setting CVar [[gc.MaxObjectsInEditor:16777216]]
[2022.04.29-01.41.02:022][  0]LogConfig: Setting CVar [[gc.IncrementalBeginDestroyEnabled:1]]
[2022.04.29-01.41.02:022][  0]LogConfig: Setting CVar [[gc.CreateGCClusters:1]]
[2022.04.29-01.41.02:022][  0]LogConfig: Setting CVar [[gc.MinGCClusterSize:5]]
[2022.04.29-01.41.02:022][  0]LogConfig: Setting CVar [[gc.ActorClusteringEnabled:0]]
[2022.04.29-01.41.02:022][  0]LogConfig: Setting CVar [[gc.BlueprintClusteringEnabled:0]]
[2022.04.29-01.41.02:022][  0]LogConfig: Setting CVar [[gc.UseDisregardForGCOnDedicatedServers:0]]
[2022.04.29-01.41.02:022][  0]LogConfig: Applying CVar settings from Section [/Script/Engine.NetworkSettings] File [C:/Users/andre/OneDrive/Documentos/Unreal Projects/behaviourtreeandres/Saved/Config/Windows/Engine.ini]
[2022.04.29-01.41.02:022][  0]LogConfig: Applying CVar settings from Section [/Script/UnrealEd.CookerSettings] File [C:/Users/andre/OneDrive/Documentos/Unreal Projects/behaviourtreeandres/Saved/Config/Windows/Engine.ini]
[2022.04.29-01.41.02:027][  0]LogConfig: Applying CVar settings from Section [ViewDistanceQuality@3] File [C:/Users/andre/OneDrive/Documentos/Unreal Projects/behaviourtreeandres/Saved/Config/Windows/Scalability.ini]
[2022.04.29-01.41.02:027][  0]LogConfig: Setting CVar [[r.SkeletalMeshLODBias:0]]
[2022.04.29-01.41.02:027][  0]LogConfig: Setting CVar [[r.ViewDistanceScale:1.0]]
[2022.04.29-01.41.02:027][  0]LogConfig: Applying CVar settings from Section [AntiAliasingQuality@3] File [C:/Users/andre/OneDrive/Documentos/Unreal Projects/behaviourtreeandres/Saved/Config/Windows/Scalability.ini]
[2022.04.29-01.41.02:027][  0]LogConfig: Setting CVar [[r.PostProcessAAQuality:4]]
[2022.04.29-01.41.02:027][  0]LogConfig: Applying CVar settings from Section [ShadowQuality@3] File [C:/Users/andre/OneDrive/Documentos/Unreal Projects/behaviourtreeandres/Saved/Config/Windows/Scalability.ini]
[2022.04.29-01.41.02:027][  0]LogConfig: Setting CVar [[r.LightFunctionQuality:1]]
[2022.04.29-01.41.02:027][  0]LogConfig: Setting CVar [[r.ShadowQuality:5]]
[2022.04.29-01.41.02:027][  0]LogConfig: Setting CVar [[r.Shadow.CSM.MaxCascades:10]]
[2022.04.29-01.41.02:027][  0]LogConfig: Setting CVar [[r.Shadow.MaxResolution:2048]]
[2022.04.29-01.41.02:027][  0]LogConfig: Setting CVar [[r.Shadow.MaxCSMResolution:2048]]
[2022.04.29-01.41.02:027][  0]LogConfig: Setting CVar [[r.Shadow.RadiusThreshold:0.01]]
[2022.04.29-01.41.02:027][  0]LogConfig: Setting CVar [[r.Shadow.DistanceScale:1.0]]
[2022.04.29-01.41.02:027][  0]LogConfig: Setting CVar [[r.Shadow.CSM.TransitionScale:1.0]]
[2022.04.29-01.41.02:027][  0]LogConfig: Setting CVar [[r.Shadow.PreShadowResolutionFactor:1.0]]
[2022.04.29-01.41.02:027][  0]LogConfig: Setting CVar [[r.DistanceFieldShadowing:1]]
[2022.04.29-01.41.02:027][  0]LogConfig: Setting CVar [[r.DistanceFieldAO:1]]
[2022.04.29-01.41.02:027][  0]LogConfig: Setting CVar [[r.AOQuality:2]]
[2022.04.29-01.41.02:027][  0]LogConfig: Setting CVar [[r.VolumetricFog:1]]
[2022.04.29-01.41.02:027][  0]LogConfig: Setting CVar [[r.VolumetricFog.GridPixelSize:8]]
[2022.04.29-01.41.02:027][  0]LogConfig: Setting CVar [[r.VolumetricFog.GridSizeZ:128]]
[2022.04.29-01.41.02:027][  0]LogConfig: Setting CVar [[r.VolumetricFog.HistoryMissSupersampleCount:4]]
[2022.04.29-01.41.02:027][  0]LogConfig: Setting CVar [[r.LightMaxDrawDistanceScale:1]]
[2022.04.29-01.41.02:027][  0]LogConfig: Setting CVar [[r.CapsuleShadows:1]]
[2022.04.29-01.41.02:027][  0]LogConfig: Applying CVar settings from Section [PostProcessQuality@3] File [C:/Users/andre/OneDrive/Documentos/Unreal Projects/behaviourtreeandres/Saved/Config/Windows/Scalability.ini]
[2022.04.29-01.41.02:027][  0]LogConfig: Setting CVar [[r.MotionBlurQuality:4]]
[2022.04.29-01.41.02:027][  0]LogConfig: Setting CVar [[r.AmbientOcclusionMipLevelFactor:0.4]]
[2022.04.29-01.41.02:027][  0]LogConfig: Setting CVar [[r.AmbientOcclusionMaxQuality:100]]
[2022.04.29-01.41.02:027][  0]LogConfig: Setting CVar [[r.AmbientOcclusionLevels:-1]]
[2022.04.29-01.41.02:027][  0]LogConfig: Setting CVar [[r.AmbientOcclusionRadiusScale:1.0]]
[2022.04.29-01.41.02:027][  0]LogConfig: Setting CVar [[r.DepthOfFieldQuality:2]]
[2022.04.29-01.41.02:027][  0]LogConfig: Setting CVar [[r.RenderTargetPoolMin:400]]
[2022.04.29-01.41.02:027][  0]LogConfig: Setting CVar [[r.LensFlareQuality:2]]
[2022.04.29-01.41.02:027][  0]LogConfig: Setting CVar [[r.SceneColorFringeQuality:1]]
[2022.04.29-01.41.02:028][  0]LogConfig: Setting CVar [[r.EyeAdaptationQuality:2]]
[2022.04.29-01.41.02:028][  0]LogConfig: Setting CVar [[r.BloomQuality:5]]
[2022.04.29-01.41.02:028][  0]LogConfig: Setting CVar [[r.FastBlurThreshold:100]]
[2022.04.29-01.41.02:028][  0]LogConfig: Setting CVar [[r.Upscale.Quality:3]]
[2022.04.29-01.41.02:028][  0]LogConfig: Setting CVar [[r.Tonemapper.GrainQuantization:1]]
[2022.04.29-01.41.02:028][  0]LogConfig: Setting CVar [[r.LightShaftQuality:1]]
[2022.04.29-01.41.02:028][  0]LogConfig: Setting CVar [[r.Filter.SizeScale:1]]
[2022.04.29-01.41.02:028][  0]LogConfig: Setting CVar [[r.Tonemapper.Quality:5]]
[2022.04.29-01.41.02:028][  0]LogConfig: Setting CVar [[r.DOF.Gather.AccumulatorQuality:1        ; higher gathering accumulator quality]]
[2022.04.29-01.41.02:028][  0]LogConfig: Setting CVar [[r.DOF.Gather.PostfilterMethod:1          ; Median3x3 postfilering method]]
[2022.04.29-01.41.02:028][  0]LogConfig: Setting CVar [[r.DOF.Gather.EnableBokehSettings:0       ; no bokeh simulation when gathering]]
[2022.04.29-01.41.02:028][  0]LogConfig: Setting CVar [[r.DOF.Gather.RingCount:4                 ; medium number of samples when gathering]]
[2022.04.29-01.41.02:028][  0]LogConfig: Setting CVar [[r.DOF.Scatter.ForegroundCompositing:1    ; additive foreground scattering]]
[2022.04.29-01.41.02:028][  0]LogConfig: Setting CVar [[r.DOF.Scatter.BackgroundCompositing:2    ; additive background scattering]]
[2022.04.29-01.41.02:028][  0]LogConfig: Setting CVar [[r.DOF.Scatter.EnableBokehSettings:1      ; bokeh simulation when scattering]]
[2022.04.29-01.41.02:028][  0]LogConfig: Setting CVar [[r.DOF.Scatter.MaxSpriteRatio:0.1         ; only a maximum of 10% of scattered bokeh]]
[2022.04.29-01.41.02:028][  0]LogConfig: Setting CVar [[r.DOF.Recombine.Quality:1                ; cheap slight out of focus]]
[2022.04.29-01.41.02:028][  0]LogConfig: Setting CVar [[r.DOF.Recombine.EnableBokehSettings:0    ; no bokeh simulation on slight out of focus]]
[2022.04.29-01.41.02:028][  0]LogConfig: Setting CVar [[r.DOF.TemporalAAQuality:1                ; more stable temporal accumulation]]
[2022.04.29-01.41.02:028][  0]LogConfig: Setting CVar [[r.DOF.Kernel.MaxForegroundRadius:0.025]]
[2022.04.29-01.41.02:028][  0]LogConfig: Setting CVar [[r.DOF.Kernel.MaxBackgroundRadius:0.025]]
[2022.04.29-01.41.02:028][  0]LogConfig: Applying CVar settings from Section [TextureQuality@3] File [C:/Users/andre/OneDrive/Documentos/Unreal Projects/behaviourtreeandres/Saved/Config/Windows/Scalability.ini]
[2022.04.29-01.41.02:028][  0]LogConfig: Setting CVar [[r.Streaming.MipBias:0]]
[2022.04.29-01.41.02:028][  0]LogConfig: Setting CVar [[r.Streaming.AmortizeCPUToGPUCopy:0]]
[2022.04.29-01.41.02:028][  0]LogConfig: Setting CVar [[r.Streaming.MaxNumTexturesToStreamPerFrame:0]]
[2022.04.29-01.41.02:028][  0]LogConfig: Setting CVar [[r.Streaming.Boost:1]]
[2022.04.29-01.41.02:028][  0]LogConfig: Setting CVar [[r.MaxAnisotropy:8]]
[2022.04.29-01.41.02:028][  0]LogConfig: Setting CVar [[r.Streaming.LimitPoolSizeToVRAM:0]]
[2022.04.29-01.41.02:028][  0]LogConfig: Setting CVar [[r.Streaming.PoolSize:1000]]
[2022.04.29-01.41.02:028][  0]LogConfig: Setting CVar [[r.Streaming.MaxEffectiveScreenSize:0]]
[2022.04.29-01.41.02:028][  0]LogConfig: Applying CVar settings from Section [EffectsQuality@3] File [C:/Users/andre/OneDrive/Documentos/Unreal Projects/behaviourtreeandres/Saved/Config/Windows/Scalability.ini]
[2022.04.29-01.41.02:028][  0]LogConfig: Setting CVar [[r.TranslucencyLightingVolumeDim:64]]
[2022.04.29-01.41.02:028][  0]LogConfig: Setting CVar [[r.RefractionQuality:2]]
[2022.04.29-01.41.02:028][  0]LogConfig: Setting CVar [[r.SSR.Quality:3]]
[2022.04.29-01.41.02:028][  0]LogConfig: Setting CVar [[r.SceneColorFormat:4]]
[2022.04.29-01.41.02:028][  0]LogConfig: Setting CVar [[r.DetailMode:2]]
[2022.04.29-01.41.02:028][  0]LogConfig: Setting CVar [[r.TranslucencyVolumeBlur:1]]
[2022.04.29-01.41.02:028][  0]LogConfig: Setting CVar [[r.MaterialQualityLevel:1 ; High quality]]
[2022.04.29-01.41.02:028][  0]LogConfig: Setting CVar [[r.SSS.Scale:1]]
[2022.04.29-01.41.02:028][  0]LogConfig: Setting CVar [[r.SSS.SampleSet:2]]
[2022.04.29-01.41.02:029][  0]LogConfig: Setting CVar [[r.SSS.Quality:1]]
[2022.04.29-01.41.02:029][  0]LogConfig: Setting CVar [[r.SSS.HalfRes:1]]
[2022.04.29-01.41.02:029][  0]LogConfig: Setting CVar [[r.EmitterSpawnRateScale:1.0]]
[2022.04.29-01.41.02:029][  0]LogConfig: Setting CVar [[r.ParticleLightQuality:2]]
[2022.04.29-01.41.02:029][  0]LogConfig: Applying CVar settings from Section [FoliageQuality@3] File [C:/Users/andre/OneDrive/Documentos/Unreal Projects/behaviourtreeandres/Saved/Config/Windows/Scalability.ini]
[2022.04.29-01.41.02:029][  0]LogConfig: Setting CVar [[foliage.DensityScale:1.0]]
[2022.04.29-01.41.02:029][  0]LogConfig: Setting CVar [[grass.DensityScale:1.0]]
[2022.04.29-01.41.02:029][  0]LogInit: Selected Device Profile: [Windows]
[2022.04.29-01.41.02:029][  0]LogInit: Applying CVar settings loaded from the selected device profile: [Windows]
[2022.04.29-01.41.02:106][  0]LogHAL: Display: Platform has ~ 8 GB [8471293952 / 8589934592 / 8], which maps to Default [LargestMinGB=32, LargerMinGB=12, DefaultMinGB=8, SmallerMinGB=6, SmallestMinGB=0)
[2022.04.29-01.41.02:106][  0]LogConfig: Setting CVar [[r.Vulkan.UseRealUBs:0		; Required until we fix HLR fall-out]]
[2022.04.29-01.41.02:106][  0]LogInit: Going up to parent DeviceProfile []
[2022.04.29-01.41.02:106][  0]LogConfig: Applying CVar settings from Section [ViewDistanceQuality@3] File [C:/Users/andre/OneDrive/Documentos/Unreal Projects/behaviourtreeandres/Saved/Config/Windows/Scalability.ini]
[2022.04.29-01.41.02:106][  0]LogConfig: Setting CVar [[r.SkeletalMeshLODBias:0]]
[2022.04.29-01.41.02:106][  0]LogConfig: Setting CVar [[r.ViewDistanceScale:1.0]]
[2022.04.29-01.41.02:106][  0]LogConfig: Applying CVar settings from Section [AntiAliasingQuality@3] File [C:/Users/andre/OneDrive/Documentos/Unreal Projects/behaviourtreeandres/Saved/Config/Windows/Scalability.ini]
[2022.04.29-01.41.02:106][  0]LogConfig: Setting CVar [[r.PostProcessAAQuality:4]]
[2022.04.29-01.41.02:106][  0]LogConfig: Applying CVar settings from Section [ShadowQuality@3] File [C:/Users/andre/OneDrive/Documentos/Unreal Projects/behaviourtreeandres/Saved/Config/Windows/Scalability.ini]
[2022.04.29-01.41.02:106][  0]LogConfig: Setting CVar [[r.LightFunctionQuality:1]]
[2022.04.29-01.41.02:106][  0]LogConfig: Setting CVar [[r.ShadowQuality:5]]
[2022.04.29-01.41.02:106][  0]LogConfig: Setting CVar [[r.Shadow.CSM.MaxCascades:10]]
[2022.04.29-01.41.02:106][  0]LogConfig: Setting CVar [[r.Shadow.MaxResolution:2048]]
[2022.04.29-01.41.02:106][  0]LogConfig: Setting CVar [[r.Shadow.MaxCSMResolution:2048]]
[2022.04.29-01.41.02:106][  0]LogConfig: Setting CVar [[r.Shadow.RadiusThreshold:0.01]]
[2022.04.29-01.41.02:106][  0]LogConfig: Setting CVar [[r.Shadow.DistanceScale:1.0]]
[2022.04.29-01.41.02:106][  0]LogConfig: Setting CVar [[r.Shadow.CSM.TransitionScale:1.0]]
[2022.04.29-01.41.02:106][  0]LogConfig: Setting CVar [[r.Shadow.PreShadowResolutionFactor:1.0]]
[2022.04.29-01.41.02:106][  0]LogConfig: Setting CVar [[r.DistanceFieldShadowing:1]]
[2022.04.29-01.41.02:106][  0]LogConfig: Setting CVar [[r.DistanceFieldAO:1]]
[2022.04.29-01.41.02:107][  0]LogConfig: Setting CVar [[r.AOQuality:2]]
[2022.04.29-01.41.02:107][  0]LogConfig: Setting CVar [[r.VolumetricFog:1]]
[2022.04.29-01.41.02:107][  0]LogConfig: Setting CVar [[r.VolumetricFog.GridPixelSize:8]]
[2022.04.29-01.41.02:107][  0]LogConfig: Setting CVar [[r.VolumetricFog.GridSizeZ:128]]
[2022.04.29-01.41.02:107][  0]LogConfig: Setting CVar [[r.VolumetricFog.HistoryMissSupersampleCount:4]]
[2022.04.29-01.41.02:107][  0]LogConfig: Setting CVar [[r.LightMaxDrawDistanceScale:1]]
[2022.04.29-01.41.02:107][  0]LogConfig: Setting CVar [[r.CapsuleShadows:1]]
[2022.04.29-01.41.02:107][  0]LogConfig: Applying CVar settings from Section [PostProcessQuality@3] File [C:/Users/andre/OneDrive/Documentos/Unreal Projects/behaviourtreeandres/Saved/Config/Windows/Scalability.ini]
[2022.04.29-01.41.02:107][  0]LogConfig: Setting CVar [[r.MotionBlurQuality:4]]
[2022.04.29-01.41.02:107][  0]LogConfig: Setting CVar [[r.AmbientOcclusionMipLevelFactor:0.4]]
[2022.04.29-01.41.02:107][  0]LogConfig: Setting CVar [[r.AmbientOcclusionMaxQuality:100]]
[2022.04.29-01.41.02:107][  0]LogConfig: Setting CVar [[r.AmbientOcclusionLevels:-1]]
[2022.04.29-01.41.02:107][  0]LogConfig: Setting CVar [[r.AmbientOcclusionRadiusScale:1.0]]
[2022.04.29-01.41.02:107][  0]LogConfig: Setting CVar [[r.DepthOfFieldQuality:2]]
[2022.04.29-01.41.02:107][  0]LogConfig: Setting CVar [[r.RenderTargetPoolMin:400]]
[2022.04.29-01.41.02:107][  0]LogConfig: Setting CVar [[r.LensFlareQuality:2]]
[2022.04.29-01.41.02:107][  0]LogConfig: Setting CVar [[r.SceneColorFringeQuality:1]]
[2022.04.29-01.41.02:107][  0]LogConfig: Setting CVar [[r.EyeAdaptationQuality:2]]
[2022.04.29-01.41.02:107][  0]LogConfig: Setting CVar [[r.BloomQuality:5]]
[2022.04.29-01.41.02:107][  0]LogConfig: Setting CVar [[r.FastBlurThreshold:100]]
[2022.04.29-01.41.02:107][  0]LogConfig: Setting CVar [[r.Upscale.Quality:3]]
[2022.04.29-01.41.02:107][  0]LogConfig: Setting CVar [[r.Tonemapper.GrainQuantization:1]]
[2022.04.29-01.41.02:107][  0]LogConfig: Setting CVar [[r.LightShaftQuality:1]]
[2022.04.29-01.41.02:107][  0]LogConfig: Setting CVar [[r.Filter.SizeScale:1]]
[2022.04.29-01.41.02:107][  0]LogConfig: Setting CVar [[r.Tonemapper.Quality:5]]
[2022.04.29-01.41.02:107][  0]LogConfig: Setting CVar [[r.DOF.Gather.AccumulatorQuality:1        ; higher gathering accumulator quality]]
[2022.04.29-01.41.02:107][  0]LogConfig: Setting CVar [[r.DOF.Gather.PostfilterMethod:1          ; Median3x3 postfilering method]]
[2022.04.29-01.41.02:107][  0]LogConfig: Setting CVar [[r.DOF.Gather.EnableBokehSettings:0       ; no bokeh simulation when gathering]]
[2022.04.29-01.41.02:107][  0]LogConfig: Setting CVar [[r.DOF.Gather.RingCount:4                 ; medium number of samples when gathering]]
[2022.04.29-01.41.02:107][  0]LogConfig: Setting CVar [[r.DOF.Scatter.ForegroundCompositing:1    ; additive foreground scattering]]
[2022.04.29-01.41.02:107][  0]LogConfig: Setting CVar [[r.DOF.Scatter.BackgroundCompositing:2    ; additive background scattering]]
[2022.04.29-01.41.02:107][  0]LogConfig: Setting CVar [[r.DOF.Scatter.EnableBokehSettings:1      ; bokeh simulation when scattering]]
[2022.04.29-01.41.02:107][  0]LogConfig: Setting CVar [[r.DOF.Scatter.MaxSpriteRatio:0.1         ; only a maximum of 10% of scattered bokeh]]
[2022.04.29-01.41.02:108][  0]LogConfig: Setting CVar [[r.DOF.Recombine.Quality:1                ; cheap slight out of focus]]
[2022.04.29-01.41.02:108][  0]LogConfig: Setting CVar [[r.DOF.Recombine.EnableBokehSettings:0    ; no bokeh simulation on slight out of focus]]
[2022.04.29-01.41.02:108][  0]LogConfig: Setting CVar [[r.DOF.TemporalAAQuality:1                ; more stable temporal accumulation]]
[2022.04.29-01.41.02:108][  0]LogConfig: Setting CVar [[r.DOF.Kernel.MaxForegroundRadius:0.025]]
[2022.04.29-01.41.02:108][  0]LogConfig: Setting CVar [[r.DOF.Kernel.MaxBackgroundRadius:0.025]]
[2022.04.29-01.41.02:108][  0]LogConfig: Applying CVar settings from Section [TextureQuality@3] File [C:/Users/andre/OneDrive/Documentos/Unreal Projects/behaviourtreeandres/Saved/Config/Windows/Scalability.ini]
[2022.04.29-01.41.02:108][  0]LogConfig: Setting CVar [[r.Streaming.MipBias:0]]
[2022.04.29-01.41.02:108][  0]LogConfig: Setting CVar [[r.Streaming.AmortizeCPUToGPUCopy:0]]
[2022.04.29-01.41.02:108][  0]LogConfig: Setting CVar [[r.Streaming.MaxNumTexturesToStreamPerFrame:0]]
[2022.04.29-01.41.02:108][  0]LogConfig: Setting CVar [[r.Streaming.Boost:1]]
[2022.04.29-01.41.02:108][  0]LogConfig: Setting CVar [[r.MaxAnisotropy:8]]
[2022.04.29-01.41.02:108][  0]LogConfig: Setting CVar [[r.Streaming.LimitPoolSizeToVRAM:0]]
[2022.04.29-01.41.02:108][  0]LogConfig: Setting CVar [[r.Streaming.PoolSize:1000]]
[2022.04.29-01.41.02:108][  0]LogConfig: Setting CVar [[r.Streaming.MaxEffectiveScreenSize:0]]
[2022.04.29-01.41.02:108][  0]LogConfig: Applying CVar settings from Section [EffectsQuality@3] File [C:/Users/andre/OneDrive/Documentos/Unreal Projects/behaviourtreeandres/Saved/Config/Windows/Scalability.ini]
[2022.04.29-01.41.02:108][  0]LogConfig: Setting CVar [[r.TranslucencyLightingVolumeDim:64]]
[2022.04.29-01.41.02:108][  0]LogConfig: Setting CVar [[r.RefractionQuality:2]]
[2022.04.29-01.41.02:108][  0]LogConfig: Setting CVar [[r.SSR.Quality:3]]
[2022.04.29-01.41.02:108][  0]LogConfig: Setting CVar [[r.SceneColorFormat:4]]
[2022.04.29-01.41.02:108][  0]LogConfig: Setting CVar [[r.DetailMode:2]]
[2022.04.29-01.41.02:108][  0]LogConfig: Setting CVar [[r.TranslucencyVolumeBlur:1]]
[2022.04.29-01.41.02:108][  0]LogConfig: Setting CVar [[r.MaterialQualityLevel:1 ; High quality]]
[2022.04.29-01.41.02:108][  0]LogConfig: Setting CVar [[r.SSS.Scale:1]]
[2022.04.29-01.41.02:108][  0]LogConfig: Setting CVar [[r.SSS.SampleSet:2]]
[2022.04.29-01.41.02:108][  0]LogConfig: Setting CVar [[r.SSS.Quality:1]]
[2022.04.29-01.41.02:108][  0]LogConfig: Setting CVar [[r.SSS.HalfRes:1]]
[2022.04.29-01.41.02:108][  0]LogConfig: Setting CVar [[r.EmitterSpawnRateScale:1.0]]
[2022.04.29-01.41.02:108][  0]LogConfig: Setting CVar [[r.ParticleLightQuality:2]]
[2022.04.29-01.41.02:108][  0]LogConfig: Applying CVar settings from Section [FoliageQuality@3] File [C:/Users/andre/OneDrive/Documentos/Unreal Projects/behaviourtreeandres/Saved/Config/Windows/Scalability.ini]
[2022.04.29-01.41.02:108][  0]LogConfig: Setting CVar [[foliage.DensityScale:1.0]]
[2022.04.29-01.41.02:108][  0]LogConfig: Setting CVar [[grass.DensityScale:1.0]]
[2022.04.29-01.41.02:109][  0]LogConfig: Applying CVar settings from Section [Startup] File [../../../Engine/Config/ConsoleVariables.ini]
[2022.04.29-01.41.02:109][  0]LogConfig: Setting CVar [[net.UseAdaptiveNetUpdateFrequency:0]]
[2022.04.29-01.41.02:109][  0]LogConfig: Setting CVar [[p.chaos.AllowCreatePhysxBodies:1]]
[2022.04.29-01.41.02:109][  0]LogConfig: Applying CVar settings from Section [ConsoleVariables] File [C:/Users/andre/OneDrive/Documentos/Unreal Projects/behaviourtreeandres/Saved/Config/Windows/Engine.ini]
[2022.04.29-01.41.02:109][  0]LogInit: Computer: LAPTOP-SPC8N674
[2022.04.29-01.41.02:109][  0]LogInit: User: andres
[2022.04.29-01.41.02:109][  0]LogInit: CPU Page size=4096, Cores=4
[2022.04.29-01.41.02:109][  0]LogInit: High frequency timer resolution =10.000000 MHz
[2022.04.29-01.41.02:110][  0]LogMemory: Memory total: Physical=7.9GB (8GB approx)
[2022.04.29-01.41.02:110][  0]LogMemory: Platform Memory Stats for Windows
[2022.04.29-01.41.02:110][  0]LogMemory: Process Physical Memory: 98.17 MB used, 98.18 MB peak
[2022.04.29-01.41.02:110][  0]LogMemory: Process Virtual Memory: 89.31 MB used, 89.31 MB peak
[2022.04.29-01.41.02:110][  0]LogMemory: Physical Memory: 5463.52 MB used,  2615.34 MB free, 8078.86 MB total
[2022.04.29-01.41.02:110][  0]LogMemory: Virtual Memory: 4643.62 MB used,  134213088.00 MB free, 134217728.00 MB total
[2022.04.29-01.41.02:194][  0]LogInit: Overriding language with editor language configuration option (en).
[2022.04.29-01.41.02:194][  0]LogInit: Overriding locale with editor locale configuration option (en).
[2022.04.29-01.41.02:449][  0]LogInit: Setting process to per monitor DPI aware
[2022.04.29-01.41.02:491][  0]LogSlate: New Slate User Created.  User Index 0, Is Virtual User: 0
[2022.04.29-01.41.02:491][  0]LogSlate: Slate User Registered.  User Index 0, Is Virtual User: 0
[2022.04.29-01.41.02:853][  0]LogHMD: Failed to initialize OpenVR with code 110
[2022.04.29-01.41.02:853][  0]LogD3D11RHI: D3D11 adapters:
[2022.04.29-01.41.03:073][  0]LogD3D11RHI:    0. 'NVIDIA GeForce GTX 1050' (Feature Level 11_0)
[2022.04.29-01.41.03:073][  0]LogD3D11RHI:       4019/0/4039 MB DedicatedVideo/DedicatedSystem/SharedSystem, Outputs:1, VendorId:0x10de
[2022.04.29-01.41.03:087][  0]LogD3D11RHI:    1. 'Intel(R) HD Graphics 630' (Feature Level 11_0)
[2022.04.29-01.41.03:087][  0]LogD3D11RHI:       128/0/4039 MB DedicatedVideo/DedicatedSystem/SharedSystem, Outputs:0, VendorId:0x8086
[2022.04.29-01.41.03:090][  0]LogD3D11RHI:    2. 'Microsoft Basic Render Driver' (Feature Level 11_0)
[2022.04.29-01.41.03:090][  0]LogD3D11RHI:       0/0/4039 MB DedicatedVideo/DedicatedSystem/SharedSystem, Outputs:0, VendorId:0x1414
[2022.04.29-01.41.03:090][  0]LogD3D11RHI: Chosen D3D11 Adapter: 0
[2022.04.29-01.41.03:099][  0]LogD3D11RHI: Creating new Direct3DDevice
[2022.04.29-01.41.03:099][  0]LogD3D11RHI:     GPU DeviceId: 0x1c8d (for the marketing name, search the web for "GPU Device Id")
[2022.04.29-01.41.03:099][  0]LogWindows: EnumDisplayDevices:
[2022.04.29-01.41.03:100][  0]LogWindows:    0. 'Intel(R) HD Graphics 630' (P:1 D:1)
[2022.04.29-01.41.03:100][  0]LogWindows:    1. 'Intel(R) HD Graphics 630' (P:0 D:0)
[2022.04.29-01.41.03:101][  0]LogWindows:    2. 'Intel(R) HD Graphics 630' (P:0 D:0)
[2022.04.29-01.41.03:101][  0]LogWindows:    3. 'NVIDIA GeForce GTX 1050' (P:0 D:0)
[2022.04.29-01.41.03:102][  0]LogWindows:    4. 'NVIDIA GeForce GTX 1050' (P:0 D:0)
[2022.04.29-01.41.03:102][  0]LogWindows:    5. 'NVIDIA GeForce GTX 1050' (P:0 D:0)
[2022.04.29-01.41.03:102][  0]LogWindows:    6. 'NVIDIA GeForce GTX 1050' (P:0 D:0)
[2022.04.29-01.41.03:103][  0]LogWindows: DebugString: PrimaryIsNotTheChoosenAdapter PrimaryIsNotTheChoosenAdapter PrimaryIsNotTheChoosenAdapter FoundDriverCount:4 
[2022.04.29-01.41.03:103][  0]LogD3D11RHI:     Adapter Name: NVIDIA GeForce GTX 1050
[2022.04.29-01.41.03:103][  0]LogD3D11RHI:   Driver Version: 497.33 (internal:30.0.14.9733, unified:497.33)
[2022.04.29-01.41.03:103][  0]LogD3D11RHI:      Driver Date: 12-16-2021
[2022.04.29-01.41.03:103][  0]LogRHI: Texture pool is 2813 MB (70% of 4019 MB)
[2022.04.29-01.41.03:239][  0]LogD3D11RHI: Async texture creation enabled
[2022.04.29-01.41.03:246][  0]LogRendererCore: FGlobalReadBuffer::InitRHI
[2022.04.29-01.41.03:247][  0]LogRendererCore: FGlobalReadBuffer::InitRHI
[2022.04.29-01.41.03:247][  0]LogRendererCore: FGlobalReadBuffer::InitRHI
[2022.04.29-01.41.03:257][  0]LogD3D11RHI: GPU Timing Frequency: 1000.000000 (Debug: 2 1)
[2022.04.29-01.41.05:059][  0]LogTemp: Display: Module 'AllDesktopTargetPlatform' loaded TargetPlatform 'AllDesktop'
[2022.04.29-01.41.05:083][  0]LogTemp: Display: Module 'MacClientTargetPlatform' loaded TargetPlatform 'MacClient'
[2022.04.29-01.41.05:107][  0]LogTemp: Display: Module 'MacNoEditorTargetPlatform' loaded TargetPlatform 'MacNoEditor'
[2022.04.29-01.41.05:128][  0]LogTemp: Display: Module 'MacServerTargetPlatform' loaded TargetPlatform 'MacServer'
[2022.04.29-01.41.05:151][  0]LogTemp: Display: Module 'MacTargetPlatform' loaded TargetPlatform 'Mac'
[2022.04.29-01.41.05:172][  0]LogTemp: Display: Module 'WindowsClientTargetPlatform' loaded TargetPlatform 'WindowsClient'
[2022.04.29-01.41.05:195][  0]LogTemp: Display: Module 'WindowsNoEditorTargetPlatform' loaded TargetPlatform 'WindowsNoEditor'
[2022.04.29-01.41.05:216][  0]LogTemp: Display: Module 'WindowsServerTargetPlatform' loaded TargetPlatform 'WindowsServer'
[2022.04.29-01.41.05:227][  0]LogTemp: Display: Module 'WindowsTargetPlatform' loaded TargetPlatform 'Windows'
[2022.04.29-01.41.05:350][  0]LogTemp: Display: Module 'AndroidTargetPlatform' loaded TargetPlatform 'Android'
[2022.04.29-01.41.05:350][  0]LogTemp: Display: Module 'AndroidTargetPlatform' loaded TargetPlatform 'Android_ASTC'
[2022.04.29-01.41.05:350][  0]LogTemp: Display: Module 'AndroidTargetPlatform' loaded TargetPlatform 'Android_ATC'
[2022.04.29-01.41.05:351][  0]LogTemp: Display: Module 'AndroidTargetPlatform' loaded TargetPlatform 'Android_DXT'
[2022.04.29-01.41.05:351][  0]LogTemp: Display: Module 'AndroidTargetPlatform' loaded TargetPlatform 'Android_ETC1'
[2022.04.29-01.41.05:351][  0]LogTemp: Display: Module 'AndroidTargetPlatform' loaded TargetPlatform 'Android_ETC1a'
[2022.04.29-01.41.05:351][  0]LogTemp: Display: Module 'AndroidTargetPlatform' loaded TargetPlatform 'Android_ETC2'
[2022.04.29-01.41.05:351][  0]LogTemp: Display: Module 'AndroidTargetPlatform' loaded TargetPlatform 'Android_PVRTC'
[2022.04.29-01.41.05:351][  0]LogTemp: Display: Module 'AndroidTargetPlatform' loaded TargetPlatform 'AndroidClient'
[2022.04.29-01.41.05:351][  0]LogTemp: Display: Module 'AndroidTargetPlatform' loaded TargetPlatform 'Android_ASTCClient'
[2022.04.29-01.41.05:351][  0]LogTemp: Display: Module 'AndroidTargetPlatform' loaded TargetPlatform 'Android_ATCClient'
[2022.04.29-01.41.05:351][  0]LogTemp: Display: Module 'AndroidTargetPlatform' loaded TargetPlatform 'Android_DXTClient'
[2022.04.29-01.41.05:351][  0]LogTemp: Display: Module 'AndroidTargetPlatform' loaded TargetPlatform 'Android_ETC1Client'
[2022.04.29-01.41.05:351][  0]LogTemp: Display: Module 'AndroidTargetPlatform' loaded TargetPlatform 'Android_ETC1aClient'
[2022.04.29-01.41.05:351][  0]LogTemp: Display: Module 'AndroidTargetPlatform' loaded TargetPlatform 'Android_ETC2Client'
[2022.04.29-01.41.05:351][  0]LogTemp: Display: Module 'AndroidTargetPlatform' loaded TargetPlatform 'Android_PVRTCClient'
[2022.04.29-01.41.05:351][  0]LogTemp: Display: Module 'AndroidTargetPlatform' loaded TargetPlatform 'Android_Multi'
[2022.04.29-01.41.05:351][  0]LogTemp: Display: Module 'AndroidTargetPlatform' loaded TargetPlatform 'Android_MultiClient'
[2022.04.29-01.41.05:355][  0]LogTemp: Display: Module 'HTML5TargetPlatform' loaded TargetPlatform 'HTML5'
[2022.04.29-01.41.05:417][  0]LogTemp: Display: Module 'IOSTargetPlatform' loaded TargetPlatform 'IOSClient'
[2022.04.29-01.41.05:417][  0]LogTemp: Display: Module 'IOSTargetPlatform' loaded TargetPlatform 'IOS'
[2022.04.29-01.41.05:455][  0]LogTemp: Display: Module 'TVOSTargetPlatform' loaded TargetPlatform 'TVOSClient'
[2022.04.29-01.41.05:455][  0]LogTemp: Display: Module 'TVOSTargetPlatform' loaded TargetPlatform 'TVOS'
[2022.04.29-01.41.05:476][  0]LogTemp: Display: Module 'LinuxClientTargetPlatform' loaded TargetPlatform 'LinuxClient'
[2022.04.29-01.41.05:495][  0]LogTemp: Display: Module 'LinuxNoEditorTargetPlatform' loaded TargetPlatform 'LinuxNoEditor'
[2022.04.29-01.41.05:515][  0]LogTemp: Display: Module 'LinuxServerTargetPlatform' loaded TargetPlatform 'LinuxServer'
[2022.04.29-01.41.05:535][  0]LogTemp: Display: Module 'LinuxTargetPlatform' loaded TargetPlatform 'Linux'
[2022.04.29-01.41.05:603][  0]LogTemp: Display: Module 'LuminTargetPlatform' loaded TargetPlatform 'Lumin'
[2022.04.29-01.41.05:603][  0]LogTemp: Display: Module 'LuminTargetPlatform' loaded TargetPlatform 'LuminClient'
[2022.04.29-01.41.05:603][  0]LogTargetPlatformManager: Display: Building Assets For Windows
[2022.04.29-01.41.05:618][  0]LogAudioDebug: Display: Lib vorbis DLL was dynamically loaded.
[2022.04.29-01.41.05:734][  0]LogShaderCompilers: Guid format shader working directory is -43 characters bigger than the processId version (../../../../../../../Users/andre/OneDrive/Documentos/Unreal Projects/behaviourtreeandres/Intermediate/Shaders/WorkingDirectory/15952/).
[2022.04.29-01.41.05:736][  0]LogShaderCompilers: Cleaned the shader compiler working directory 'C:/Users/andre/AppData/Local/Temp/UnrealShaderWorkingDir/8D34ECDE424B0C73C23AEDAA9F2DC65F/'.
[2022.04.29-01.41.05:742][  0]LogXGEController: Cannot use XGE Controller as Incredibuild is not installed on this machine.
[2022.04.29-01.41.05:742][  0]LogShaderCompilers: Cannot use XGE Shader Compiler as Incredibuild is not installed on this machine.
[2022.04.29-01.41.05:742][  0]LogShaderCompilers: Display: Using Local Shader Compiler.
[2022.04.29-01.41.06:604][  0]LogDerivedDataCache: Display: Max Cache Size: 512 MB
[2022.04.29-01.41.06:677][  0]LogDerivedDataCache: Loaded boot cache 0.07s 71MB C:/Users/andre/AppData/Local/UnrealEngine/4.22/DerivedDataCache/Boot.ddc.
[2022.04.29-01.41.06:677][  0]LogDerivedDataCache: Display: Loaded Boot cache: C:/Users/andre/AppData/Local/UnrealEngine/4.22/DerivedDataCache/Boot.ddc
[2022.04.29-01.41.06:677][  0]LogDerivedDataCache: FDerivedDataBackendGraph:  Pak pak cache file ../../../../../../../Users/andre/OneDrive/Documentos/Unreal Projects/behaviourtreeandres/DerivedDataCache/DDC.ddp not found, will not use a pak cache.
[2022.04.29-01.41.06:677][  0]LogDerivedDataCache: Unable to find inner node Pak for hierarchical cache Hierarchy.
[2022.04.29-01.41.06:678][  0]LogDerivedDataCache: FDerivedDataBackendGraph:  CompressedPak pak cache file ../../../../../../../Users/andre/OneDrive/Documentos/Unreal Projects/behaviourtreeandres/DerivedDataCache/Compressed.ddp not found, will not use a pak cache.
[2022.04.29-01.41.06:678][  0]LogDerivedDataCache: Unable to find inner node CompressedPak for hierarchical cache Hierarchy.
[2022.04.29-01.41.06:696][  0]LogDerivedDataCache: Display: Pak cache opened for reading ../../../Engine/DerivedDataCache/Compressed.ddp.
[2022.04.29-01.41.06:696][  0]LogDerivedDataCache: FDerivedDataBackendGraph:  EnterprisePak pak cache file ../../../Enterprise/DerivedDataCache/Compressed.ddp not found, will not use a pak cache.
[2022.04.29-01.41.06:696][  0]LogDerivedDataCache: Unable to find inner node EnterprisePak for hierarchical cache Hierarchy.
[2022.04.29-01.41.06:709][  0]LogDerivedDataCache: Using Local data cache path C:/Users/andre/AppData/Local/UnrealEngine/Common/DerivedDataCache: Writable
[2022.04.29-01.41.06:709][  0]LogDerivedDataCache: Shared data cache path not found in *engine.ini, will not use an Shared cache.
[2022.04.29-01.41.06:709][  0]LogDerivedDataCache: Unable to find inner node Shared for hierarchical cache Hierarchy.
[2022.04.29-01.41.06:764][  0]LogMaterial: Verifying Global Shaders for PCD3D_SM5
[2022.04.29-01.41.06:765][  0]LogSlate: Using FreeType 2.6.0
[2022.04.29-01.41.06:767][  0]LogSlate: SlateFontServices - WITH_FREETYPE: 1, WITH_HARFBUZZ: 1
[2022.04.29-01.41.06:887][  0]LogAssetRegistry: FAssetRegistry took 0.0408 seconds to start up
[2022.04.29-01.41.07:518][  0]LogInit: Selected Device Profile: [Windows]
[2022.04.29-01.41.07:732][  0]LogMeshReduction: Using QuadricMeshReduction for automatic static mesh reduction
[2022.04.29-01.41.07:732][  0]LogMeshReduction: Using SimplygonMeshReduction for automatic skeletal mesh reduction
[2022.04.29-01.41.07:732][  0]LogMeshReduction: Using ProxyLODMeshReduction for automatic mesh merging
[2022.04.29-01.41.07:732][  0]LogMeshReduction: No distributed automatic mesh merging module available
[2022.04.29-01.41.07:732][  0]LogMeshMerging: No distributed automatic mesh merging module available
[2022.04.29-01.41.07:754][  0]LogNetVersion: behaviourtreeandres 1.0.0, NetCL: 5660361, EngineNetVer: 10, GameNetVer: 0 (Checksum: 415588742)
[2022.04.29-01.41.08:728][  0]LogPackageLocalizationCache: Processed 10 localized package path(s) for 1 prioritized culture(s) in 0.157135 seconds
[2022.04.29-01.41.08:746][  0]LogUObjectArray: 42205 objects as part of root set at end of initial load.
[2022.04.29-01.41.08:746][  0]LogUObjectAllocator: 7325032 out of 0 bytes used by permanent object pool.
[2022.04.29-01.41.08:746][  0]LogUObjectArray: CloseDisregardForGC: 0/0 objects in disregard for GC pool
[2022.04.29-01.41.10:153][  0]LogTcpMessaging: Initializing TcpMessaging bridge
[2022.04.29-01.41.10:169][  0]LogUdpMessaging: Initializing bridge on interface 0.0.0.0:0 to multicast group 230.0.0.1:6666.
[2022.04.29-01.41.10:378][  0]SourceControl: Source control is disabled
[2022.04.29-01.41.10:379][  0]SourceControl: Source control is disabled
[2022.04.29-01.41.10:383][  0]SourceControl: Source control is disabled
[2022.04.29-01.41.10:387][  0]SourceControl: Source control is disabled
[2022.04.29-01.41.10:697][  0]LogAndroidPermission: UAndroidPermissionCallbackProxy::GetInstance
[2022.04.29-01.41.11:057][  0]LogOcInput: OculusInput pre-init called
[2022.04.29-01.41.12:621][  0]LogEngine: Initializing Engine...
[2022.04.29-01.41.12:624][  0]LogHMD: Failed to initialize OpenVR with code 110
[2022.04.29-01.41.12:627][  0]LogStats: UGameplayTagsManager::InitializeManager -  0.001 s
[2022.04.29-01.41.13:008][  0]LogInit: Initializing FReadOnlyCVARCache
[2022.04.29-01.41.13:036][  0]LogAIModule: Creating AISystem for world Untitled
[2022.04.29-01.41.13:091][  0]LogInit: XAudio2 using 'Altavoz/Auricular (Realtek High Definition Audio)' : 2 channels at 48 kHz using 32 bits per sample (channel mask 0x3)
[2022.04.29-01.41.14:507][  0]LogInit: FAudioDevice initialized.
[2022.04.29-01.41.14:507][  0]LogNetVersion: Set ProjectVersion to 1.0.0.0. Version Checksum will be recalculated on next use.
[2022.04.29-01.41.14:744][  0]LogDerivedDataCache: Saved boot cache 0.24s 71MB C:/Users/andre/AppData/Local/UnrealEngine/4.22/DerivedDataCache/Boot.ddc.
[2022.04.29-01.41.14:752][  0]LogInit: Texture streaming: Enabled
[2022.04.29-01.41.14:813][  0]LogEngineSessionManager: EngineSessionManager initialized
[2022.04.29-01.41.14:860][  0]LogInit: Transaction tracking system initialized
[2022.04.29-01.41.14:916][  0]BlueprintLog: New page: Editor Load
[2022.04.29-01.41.15:084][  0]LocalizationService: Localization service is disabled
[2022.04.29-01.41.15:785][  0]LogFileCache: Scanning file cache for directory 'C:/Users/andre/OneDrive/Documentos/Unreal Projects/behaviourtreeandres/Content/' took 0.02s
[2022.04.29-01.41.15:786][  0]LogCook: Display: Max memory allowance for cook 16384mb min free memory 0mb
[2022.04.29-01.41.15:786][  0]LogCook: Display: Mobile HDR setting 1
[2022.04.29-01.41.16:107][  0]SourceControl: Source control is disabled
[2022.04.29-01.41.16:107][  0]Cmd: MAP LOAD FILE="../../../../../../../Users/andre/OneDrive/Documentos/Unreal Projects/behaviourtreeandres/Content/ThirdPersonBP/Maps/ThirdPersonExampleMap.umap" TEMPLATE=0 SHOWPROGRESS=1 FEATURELEVEL=3
[2022.04.29-01.41.16:108][  0]LightingResults: New page: Lighting Build
[2022.04.29-01.41.16:112][  0]MapCheck: New page: Map Check
[2022.04.29-01.41.16:112][  0]LightingResults: New page: Lighting Build
[2022.04.29-01.41.16:156][  0]LogUObjectHash: Compacting FUObjectHashTables data took   2.92ms
[2022.04.29-01.41.19:084][  0]LogAIModule: Creating AISystem for world ThirdPersonExampleMap
[2022.04.29-01.41.19:142][  0]LogEditorServer: Finished looking for orphan Actors (0.000 secs)
[2022.04.29-01.41.19:216][  0]LogUObjectHash: Compacting FUObjectHashTables data took   4.39ms
[2022.04.29-01.41.19:217][  0]Cmd: MAP CHECKDEP NOCLEARLOG
[2022.04.29-01.41.19:217][  0]MapCheck: Map check complete: 0 Error(s), 0 Warning(s), took 0.293ms to complete.
[2022.04.29-01.41.19:217][  0]LogFileHelpers: Loading map 'ThirdPersonExampleMap' took 3.110
[2022.04.29-01.41.19:902][  0]LogSlate: Updating window title bar state: overlay mode, drag disabled, window buttons hidden, title bar hidden
[2022.04.29-01.41.19:940][  0]LogSlate: Updating window title bar state: overlay mode, drag disabled, window buttons hidden, title bar hidden
[2022.04.29-01.41.19:954][  0]LogSlate: Updating window title bar state: overlay mode, drag disabled, window buttons hidden, title bar hidden
[2022.04.29-01.41.19:968][  0]LogSlate: Updating window title bar state: overlay mode, drag disabled, window buttons hidden, title bar hidden
[2022.04.29-01.41.20:014][  0]LogCollectionManager: Loaded 0 collections in 0.004734 seconds
[2022.04.29-01.41.20:160][  0]LogFileCache: Scanning file cache for directory 'C:/Users/andre/OneDrive/Documentos/Unreal Projects/behaviourtreeandres/Saved/Collections/' took 0.01s
[2022.04.29-01.41.20:161][  0]LogFileCache: Scanning file cache for directory 'C:/Users/andre/OneDrive/Documentos/Unreal Projects/behaviourtreeandres/Content/Developers/andres/Collections/' took 0.01s
[2022.04.29-01.41.20:161][  0]LogFileCache: Scanning file cache for directory 'C:/Users/andre/OneDrive/Documentos/Unreal Projects/behaviourtreeandres/Content/Collections/' took 0.01s
[2022.04.29-01.41.20:161][  0]LogCollectionManager: Rebuilt the GUID cache for 0 collections in 0.000001 seconds
[2022.04.29-01.41.20:183][  0]LogContentBrowser: Native class hierarchy populated in 0.0218 seconds. Added 2732 classes and 659 folders.
[2022.04.29-01.41.20:342][  0]LogContentBrowser: Native class hierarchy updated for 'WidgetCarousel' in 0.0006 seconds. Added 0 classes and 0 folders.
[2022.04.29-01.41.20:417][  0]LogPakFile: Registered encryption key '00000000000000000000000000000000': 0 pak files mounted, 0 remain pending
[2022.04.29-01.41.20:473][  0]LogPakFile: Registered encryption key '00000000000000000000000000000000': 0 pak files mounted, 0 remain pending
[2022.04.29-01.41.20:516][  0]LogPakFile: Registered encryption key '00000000000000000000000000000000': 0 pak files mounted, 0 remain pending
[2022.04.29-01.41.20:534][  0]LogPakFile: Registered encryption key '00000000000000000000000000000000': 0 pak files mounted, 0 remain pending
[2022.04.29-01.41.20:549][  0]LogPakFile: Registered encryption key '00000000000000000000000000000000': 0 pak files mounted, 0 remain pending
[2022.04.29-01.41.20:573][  0]LogPakFile: Registered encryption key '00000000000000000000000000000000': 0 pak files mounted, 0 remain pending
[2022.04.29-01.41.20:585][  0]LogPakFile: Registered encryption key '00000000000000000000000000000000': 0 pak files mounted, 0 remain pending
[2022.04.29-01.41.20:606][  0]LogPakFile: Registered encryption key '00000000000000000000000000000000': 0 pak files mounted, 0 remain pending
[2022.04.29-01.41.20:620][  0]LogPakFile: Registered encryption key '00000000000000000000000000000000': 0 pak files mounted, 0 remain pending
[2022.04.29-01.41.20:635][  0]LogPakFile: Registered encryption key '00000000000000000000000000000000': 0 pak files mounted, 0 remain pending
[2022.04.29-01.41.20:647][  0]LogPakFile: Registered encryption key '00000000000000000000000000000000': 0 pak files mounted, 0 remain pending
[2022.04.29-01.41.20:668][  0]LogPakFile: Registered encryption key '00000000000000000000000000000000': 0 pak files mounted, 0 remain pending
[2022.04.29-01.41.20:672][  0]LogPakFile: Registered encryption key '00000000000000000000000000000000': 0 pak files mounted, 0 remain pending
[2022.04.29-01.41.20:690][  0]LogPakFile: Registered encryption key '00000000000000000000000000000000': 0 pak files mounted, 0 remain pending
[2022.04.29-01.41.20:699][  0]LogPakFile: Registered encryption key '00000000000000000000000000000000': 0 pak files mounted, 0 remain pending
[2022.04.29-01.41.20:713][  0]LogPakFile: Registered encryption key '00000000000000000000000000000000': 0 pak files mounted, 0 remain pending
[2022.04.29-01.41.20:831][  0]LogPakFile: Registered encryption key '00000000000000000000000000000000': 0 pak files mounted, 0 remain pending
[2022.04.29-01.41.20:848][  0]LogPakFile: Registered encryption key '00000000000000000000000000000000': 0 pak files mounted, 0 remain pending
[2022.04.29-01.41.20:862][  0]LogPakFile: Registered encryption key '00000000000000000000000000000000': 0 pak files mounted, 0 remain pending
[2022.04.29-01.41.20:885][  0]LogPakFile: Registered encryption key '00000000000000000000000000000000': 0 pak files mounted, 0 remain pending
[2022.04.29-01.41.20:936][  0]LogPakFile: Registered encryption key '00000000000000000000000000000000': 0 pak files mounted, 0 remain pending
[2022.04.29-01.41.20:949][  0]LogPakFile: Registered encryption key '00000000000000000000000000000000': 0 pak files mounted, 0 remain pending
[2022.04.29-01.41.20:969][  0]LogPakFile: Registered encryption key '00000000000000000000000000000000': 0 pak files mounted, 0 remain pending
[2022.04.29-01.41.20:982][  0]LogPakFile: Registered encryption key '00000000000000000000000000000000': 0 pak files mounted, 0 remain pending
[2022.04.29-01.41.21:001][  0]LogPakFile: Registered encryption key '00000000000000000000000000000000': 0 pak files mounted, 0 remain pending
[2022.04.29-01.41.21:116][  0]LogPakFile: Registered encryption key '00000000000000000000000000000000': 0 pak files mounted, 0 remain pending
[2022.04.29-01.41.22:598][  0]LogContentBrowser: Native class hierarchy updated for 'AddContentDialog' in 0.0012 seconds. Added 0 classes and 0 folders.
[2022.04.29-01.41.22:708][  0]LogContentBrowser: Native class hierarchy updated for 'SceneOutliner' in 0.0009 seconds. Added 1 classes and 2 folders.
[2022.04.29-01.41.22:840][  0]LogSlate: Took 0.000575 seconds to synchronously load lazily loaded font '../../../Engine/Content/Slate/Fonts/Roboto-Regular.ttf' (155K)
[2022.04.29-01.41.22:848][  0]LogSlate: Took 0.000550 seconds to synchronously load lazily loaded font '../../../Engine/Content/Slate/Fonts/Roboto-Bold.ttf' (160K)
[2022.04.29-01.41.22:894][  0]LogSlate: Took 0.013460 seconds to synchronously load lazily loaded font '../../../Engine/Content/Editor/Slate/Fonts/FontAwesome.ttf' (139K)
[2022.04.29-01.41.23:355][  0]LogRenderer: Reallocating scene render targets to support 900x436 Format 10 NumSamples 1 (Frame:1).
[2022.04.29-01.41.23:994][  0]LogContentBrowser: Native class hierarchy updated for 'HierarchicalLODOutliner' in 0.0008 seconds. Added 0 classes and 0 folders.
[2022.04.29-01.41.23:994][  0]LogLoad: (Engine Initialization) Total time: 27.86 seconds
[2022.04.29-01.41.23:994][  0]LogLoad: (Engine Initialization) Total Blueprint compile time: 0.00 seconds
[2022.04.29-01.41.24:149][  0]LogContentStreaming: Texture pool size now 1000 MB
[2022.04.29-01.41.24:341][  0]LogSlate: Took 0.018652 seconds to synchronously load lazily loaded font '../../../Engine/Content/Slate/Fonts/Roboto-Light.ttf' (167K)
[2022.04.29-01.41.24:603][  2]LogAssetRegistry: Asset discovery search completed in 17.7382 seconds
[2022.04.29-01.41.24:609][  2]LogCollectionManager: Rebuilt the object cache for 0 collections in 0.000001 seconds (found 0 objects)
[2022.04.29-01.41.24:610][  2]LogCollectionManager: Fixed up redirectors for 0 collections in 0.000160 seconds (updated 0 objects)
[2022.04.29-01.41.25:070][ 23]LogSlate: Took 0.000400 seconds to synchronously load lazily loaded font '../../../Engine/Content/Slate/Fonts/Roboto-Light.ttf' (167K)
[2022.04.29-01.42.16:944][112]LogSlate: FSceneViewport::OnFocusLost() reason 0
[2022.04.29-01.42.17:128][125]LogAssetEditorManager: Opening Asset editor for Blueprint /Game/ThirdPersonBP/Blueprints/p_Aicontroller.p_Aicontroller
[2022.04.29-01.42.18:482][125]LogContentBrowser: Native class hierarchy updated for 'BlueprintGraph' in 0.0017 seconds. Added 121 classes and 0 folders.
[2022.04.29-01.42.20:562][125]LogSlate: Took 0.022155 seconds to synchronously load lazily loaded font '../../../Engine/Content/Slate/Fonts/Roboto-BoldCondensed.ttf' (158K)
[2022.04.29-01.42.20:889][126]LogSlate: Took 0.016209 seconds to synchronously load lazily loaded font '../../../Engine/Content/Slate/Fonts/Roboto-Italic.ttf' (157K)
[2022.04.29-01.42.30:275][585]LogSlate: Window 'p_Aicontroller' being destroyed
[2022.04.29-01.42.30:285][585]LogSlate: Window 'p_Aicontroller' being destroyed
[2022.04.29-01.50.12:695][345]LogSlate: FSceneViewport::OnFocusLost() reason 0
[2022.04.29-01.50.12:820][356]LogTemp: Repeating last play command: Selected Viewport
[2022.04.29-01.50.12:831][356]LogBlueprintUserMessages: Early PlayInEditor Detection: Level '/Game/ThirdPersonBP/Maps/ThirdPersonExampleMap.ThirdPersonExampleMap:PersistentLevel' has LevelScriptBlueprint '/Game/ThirdPersonBP/Maps/ThirdPersonExampleMap.ThirdPersonExampleMap:PersistentLevel.ThirdPersonExampleMap' with GeneratedClass '/Game/ThirdPersonBP/Maps/ThirdPersonExampleMap.ThirdPersonExampleMap_C' with ClassGeneratedBy '/Game/ThirdPersonBP/Maps/ThirdPersonExampleMap.ThirdPersonExampleMap:PersistentLevel.ThirdPersonExampleMap'
[2022.04.29-01.50.12:831][356]LogPlayLevel: PlayLevel: No blueprints needed recompiling
[2022.04.29-01.50.12:890][356]PIE: New page: PIE session: ThirdPersonExampleMap (Apr 28, 2022, 3:50:12 PM)
[2022.04.29-01.50.12:903][356]LogPlayLevel: Creating play world package: /Game/ThirdPersonBP/Maps/UEDPIE_0_ThirdPersonExampleMap
[2022.04.29-01.50.12:929][356]LogPlayLevel: PIE: StaticDuplicateObject took: (0.024659s)
[2022.04.29-01.50.12:930][356]LogAIModule: Creating AISystem for world ThirdPersonExampleMap
[2022.04.29-01.50.12:930][356]LogPlayLevel: PIE: World Init took: (0.001496s)
[2022.04.29-01.50.12:931][356]LogPlayLevel: PIE: Created PIE world by copying editor world from /Game/ThirdPersonBP/Maps/ThirdPersonExampleMap.ThirdPersonExampleMap to /Game/ThirdPersonBP/Maps/UEDPIE_0_ThirdPersonExampleMap.ThirdPersonExampleMap (0.027123s)
[2022.04.29-01.50.13:004][356]LogUObjectHash: Compacting FUObjectHashTables data took   4.26ms
[2022.04.29-01.50.13:018][356]LogInit: XAudio2 using 'Altavoz/Auricular (Realtek High Definition Audio)' : 2 channels at 48 kHz using 32 bits per sample (channel mask 0x3)
[2022.04.29-01.50.13:067][356]LogInit: FAudioDevice initialized.
[2022.04.29-01.50.13:159][356]LogLoad: Game class is 'ThirdPersonGameMode_C'
[2022.04.29-01.50.13:188][356]LogWorld: Bringing World /Game/ThirdPersonBP/Maps/UEDPIE_0_ThirdPersonExampleMap.ThirdPersonExampleMap up for play (max tick rate 0) at 2022.04.28-20.50.13
[2022.04.29-01.50.13:217][356]LogWorld: Bringing up level for play took: 0.032474
[2022.04.29-01.50.13:245][356]LogBlueprintActionDatabase: Requesting refresh due to module change: Voice (loaded)
[2022.04.29-01.50.13:261][356]LogBlueprintActionDatabase: Requesting refresh due to module change: MovieSceneCapture (loaded)
[2022.04.29-01.50.13:262][356]LogContentBrowser: Native class hierarchy updated for 'MovieSceneCapture' in 0.0005 seconds. Added 20 classes and 0 folders.
[2022.04.29-01.50.13:272][356]PIE: Play in editor start time for /Game/ThirdPersonBP/Maps/UEDPIE_0_ThirdPersonExampleMap 0.098
[2022.04.29-01.50.13:273][356]LogBlueprintUserMessages: Late PlayInEditor Detection: Level '/Game/ThirdPersonBP/Maps/ThirdPersonExampleMap.ThirdPersonExampleMap:PersistentLevel' has LevelScriptBlueprint '/Game/ThirdPersonBP/Maps/ThirdPersonExampleMap.ThirdPersonExampleMap:PersistentLevel.ThirdPersonExampleMap' with GeneratedClass '/Game/ThirdPersonBP/Maps/ThirdPersonExampleMap.ThirdPersonExampleMap_C' with ClassGeneratedBy '/Game/ThirdPersonBP/Maps/ThirdPersonExampleMap.ThirdPersonExampleMap:PersistentLevel.ThirdPersonExampleMap'
[2022.04.29-01.50.54:546][870]LogBlueprintUserMessages: Early EndPlayMap Detection: Level '/Game/ThirdPersonBP/Maps/ThirdPersonExampleMap.ThirdPersonExampleMap:PersistentLevel' has LevelScriptBlueprint '/Game/ThirdPersonBP/Maps/ThirdPersonExampleMap.ThirdPersonExampleMap:PersistentLevel.ThirdPersonExampleMap' with GeneratedClass '/Game/ThirdPersonBP/Maps/ThirdPersonExampleMap.ThirdPersonExampleMap_C' with ClassGeneratedBy '/Game/ThirdPersonBP/Maps/ThirdPersonExampleMap.ThirdPersonExampleMap:PersistentLevel.ThirdPersonExampleMap'
[2022.04.29-01.50.54:546][870]LogSlate: Updating window title bar state: overlay mode, drag disabled, window buttons hidden, title bar hidden
[2022.04.29-01.50.54:584][870]LogPlayLevel: Display: Shutting down PIE online subsystems
[2022.04.29-01.50.54:585][870]LogBlueprintUserMessages: Late EndPlayMap Detection: Level '/Game/ThirdPersonBP/Maps/ThirdPersonExampleMap.ThirdPersonExampleMap:PersistentLevel' has LevelScriptBlueprint '/Game/ThirdPersonBP/Maps/ThirdPersonExampleMap.ThirdPersonExampleMap:PersistentLevel.ThirdPersonExampleMap' with GeneratedClass '/Game/ThirdPersonBP/Maps/ThirdPersonExampleMap.ThirdPersonExampleMap_C' with ClassGeneratedBy '/Game/ThirdPersonBP/Maps/ThirdPersonExampleMap.ThirdPersonExampleMap:PersistentLevel.ThirdPersonExampleMap'
[2022.04.29-01.50.54:670][870]LogSlate: Updating window title bar state: overlay mode, drag disabled, window buttons hidden, title bar hidden
[2022.04.29-01.50.54:762][870]LogUObjectHash: Compacting FUObjectHashTables data took  10.52ms
[2022.04.29-01.50.54:817][871]LogPlayLevel: Display: Destroying online subsystem :Context_4
[2022.04.29-01.50.57:947][112]LogSlate: FSceneViewport::OnFocusLost() reason 0
[2022.04.29-01.52.05:792][966]LogSavePackage: Moving '../../../../../../../Users/andre/OneDrive/Documentos/Unreal Projects/behaviourtreeandres/Saved/NewBlackboard_Follow005A84C14609060735C4919DAB1E6D12.tmp' to '../../../../../../../Users/andre/OneDrive/Documentos/Unreal Projects/behaviourtreeandres/Content/ThirdPersonBP/Blueprints/Ai/NewBlackboard_Follow.uasset'
[2022.04.29-01.52.06:142][966]LogUObjectHash: Compacting FUObjectHashTables data took   4.51ms
[2022.04.29-01.52.06:200][966]LogUObjectHash: Compacting FUObjectHashTables data took   4.24ms
[2022.04.29-01.52.06:254][966]LogUObjectHash: Compacting FUObjectHashTables data took   1.29ms
[2022.04.29-01.52.18:836][292]LogSavePackage: Moving '../../../../../../../Users/andre/OneDrive/Documentos/Unreal Projects/behaviourtreeandres/Saved/Blackboard_Follow8775A1BA4418CACC78C016BEFBFC7CDB.tmp' to '../../../../../../../Users/andre/OneDrive/Documentos/Unreal Projects/behaviourtreeandres/Content/ThirdPersonBP/Blueprints/Ai/Blackboard_Follow.uasset'
[2022.04.29-01.52.19:119][292]LogUObjectHash: Compacting FUObjectHashTables data took   1.50ms
[2022.04.29-01.52.19:200][292]LogUObjectHash: Compacting FUObjectHashTables data took   4.59ms
[2022.04.29-01.52.19:266][292]LogUObjectHash: Compacting FUObjectHashTables data took   1.47ms
[2022.04.29-01.52.43:035][330]LogAssetEditorManager: Opening Asset editor for BlackboardData /Game/ThirdPersonBP/Blueprints/Ai/Blackboard_Follow.Blackboard_Follow
[2022.04.29-01.53.10:819][554]LogUObjectHash: Compacting FUObjectHashTables data took   5.17ms
[2022.04.29-01.53.10:820][554]LogFileHelpers: Editor autosave (incl. sublevels) for '/Game/ThirdPersonBP/Maps/ThirdPersonExampleMap' took 0.087
[2022.04.29-01.53.10:844][554]OBJ SavePackage: Generating thumbnails for [0] asset(s) in package [/Game/ThirdPersonBP/Blueprints/Ai/BehaviorTree_Follow] ([1] browsable assets)...
[2022.04.29-01.53.10:844][554]OBJ SavePackage: Finished generating thumbnails for package [/Game/ThirdPersonBP/Blueprints/Ai/BehaviorTree_Follow]
[2022.04.29-01.53.10:851][554]LogSavePackage: Moving '../../../../../../../Users/andre/OneDrive/Documentos/Unreal Projects/behaviourtreeandres/Saved/BehaviorTree_Follow_Auto18185FFF847739C0DBD5CD1867EE5BCC2.tmp' to '../../../../../../../Users/andre/OneDrive/Documentos/Unreal Projects/behaviourtreeandres/Saved/Autosaves/Game/ThirdPersonBP/Blueprints/Ai/BehaviorTree_Follow_Auto1.uasset'
[2022.04.29-01.53.10:856][554]LogFileHelpers: Auto-saving content packages took 0.035
[2022.04.29-01.53.36:146][479]LogSavePackage: Moving '../../../../../../../Users/andre/OneDrive/Documentos/Unreal Projects/behaviourtreeandres/Saved/Blackboard_FollowD5C0CAA24814B29A453E5ABEA43FF482.tmp' to '../../../../../../../Users/andre/OneDrive/Documentos/Unreal Projects/behaviourtreeandres/Content/ThirdPersonBP/Blueprints/Ai/Blackboard_Follow.uasset'
[2022.04.29-01.53.41:963][736]LogSlate: Window 'Blackboard_Follow' being destroyed
[2022.04.29-01.53.45:792][135]LogAssetEditorManager: Opening Asset editor for BehaviorTree /Game/ThirdPersonBP/Blueprints/Ai/BehaviorTree_Follow.BehaviorTree_Follow
[2022.04.29-01.54.49:800][487]LogSlate: Window 'BehaviorTree_Follow' being destroyed
[2022.04.29-01.55.14:585][ 12]LogSavePackage: Moving '../../../../../../../Users/andre/OneDrive/Documentos/Unreal Projects/behaviourtreeandres/Saved/follow_Aicontroller0CBF61E64D4FEF57BFA724ADE3EC80CA.tmp' to '../../../../../../../Users/andre/OneDrive/Documentos/Unreal Projects/behaviourtreeandres/Content/ThirdPersonBP/Blueprints/follow_Aicontroller.uasset'
[2022.04.29-01.55.14:957][ 12]LogUObjectHash: Compacting FUObjectHashTables data took   3.55ms
[2022.04.29-01.55.17:061][125]LogAssetEditorManager: Opening Asset editor for Blueprint /Game/ThirdPersonBP/Blueprints/follow_Aicontroller.Follow_Aicontroller
[2022.04.29-01.55.28:249][396]LogSlate: Window 'Follow_Aicontroller' being destroyed
[2022.04.29-01.55.28:258][396]LogSlate: Window 'Follow_Aicontroller' being destroyed
[2022.04.29-01.55.29:879][452]LogAssetEditorManager: Opening Asset editor for Blueprint /Game/ThirdPersonBP/Blueprints/follow_Aicontroller.Follow_Aicontroller
[2022.04.29-01.55.43:046][177]LogSlate: Window 'Follow_Aicontroller' being destroyed
[2022.04.29-01.55.43:218][177]LogAssetEditorManager: Opening Asset editor for Blueprint /Game/ThirdPersonBP/Blueprints/follow_Aicontroller.Follow_Aicontroller
[2022.04.29-01.55.48:300][444]LogAssetEditorManager: Opening Asset editor for Blueprint /Game/ThirdPersonBP/Blueprints/p_Aicontroller.p_Aicontroller
[2022.04.29-01.55.56:283][825]LogSlate: Window 'p_Aicontroller' being destroyed
[2022.04.29-01.55.56:293][825]LogSlate: Window 'p_Aicontroller' being destroyed
[2022.04.29-01.55.56:394][825]LogActorComponent: UnregisterComponent: (/Engine/Transient.EditorFloorComp) Not registered. Aborting.
[2022.04.29-01.55.57:687][885]LogAssetEditorManager: Opening Asset editor for Blueprint /Game/ThirdPersonBP/Blueprints/follow_Aicontroller.Follow_Aicontroller
[2022.04.29-02.01.10:226][814]BlueprintLog: New page: Compile Follow_Aicontroller
[2022.04.29-02.01.10:492][814]LogUObjectHash: Compacting FUObjectHashTables data took   4.14ms
[2022.04.29-02.01.11:743][884]LogOutputDevice: Warning: 

Script Stack (0 frames):

[2022.04.29-02.01.15:134][884]LogStats: FPlatformStackWalk::StackWalkAndDump -  3.391 s
[2022.04.29-02.01.15:136][884]LogOutputDevice: Error: === Handled ensure: ===
[2022.04.29-02.01.15:136][884]LogOutputDevice: Error: 
[2022.04.29-02.01.15:136][884]LogOutputDevice: Error: Ensure condition failed: !SeenPaths.Contains(NewPath) [File:D:\Build\++UE4\Sync\Engine\Source\Runtime\CoreUObject\Private\Misc\RedirectCollector.cpp] [Line: 219]
[2022.04.29-02.01.15:136][884]LogOutputDevice: Error: Found circular redirect from /Game/ThirdPersonBP/Blueprints/follow_Aicontroller.Follow_Aicontroller to /Game/ThirdPersonBP/Blueprints/Follow_Aicontroller.Follow_Aicontroller! Returning None instead
[2022.04.29-02.01.15:136][884]LogOutputDevice: Error: Stack: 
[2022.04.29-02.01.15:136][884]LogOutputDevice: Error: [Callstack] 0x00007fff5a752690 UE4Editor-CoreUObject.dll!UnknownFunction []
[2022.04.29-02.01.15:136][884]LogOutputDevice: Error: [Callstack] 0x00007fff5a424d22 UE4Editor-CoreUObject.dll!UnknownFunction []
[2022.04.29-02.01.15:136][884]LogOutputDevice: Error: [Callstack] 0x00007fff5a6ac2ca UE4Editor-CoreUObject.dll!UnknownFunction []
[2022.04.29-02.01.15:136][884]LogOutputDevice: Error: [Callstack] 0x00007fff5a6b74c9 UE4Editor-CoreUObject.dll!UnknownFunction []
[2022.04.29-02.01.15:136][884]LogOutputDevice: Error: [Callstack] 0x00007fff5a459017 UE4Editor-CoreUObject.dll!UnknownFunction []
[2022.04.29-02.01.15:136][884]LogOutputDevice: Error: [Callstack] 0x00007fff5a3f06c3 UE4Editor-CoreUObject.dll!UnknownFunction []
[2022.04.29-02.01.15:136][884]LogOutputDevice: Error: [Callstack] 0x00007fff5a6b7113 UE4Editor-CoreUObject.dll!UnknownFunction []
[2022.04.29-02.01.15:136][884]LogOutputDevice: Error: [Callstack] 0x00007fff5a56533c UE4Editor-CoreUObject.dll!UnknownFunction []
[2022.04.29-02.01.15:136][884]LogOutputDevice: Error: [Callstack] 0x00007fff5a677d99 UE4Editor-CoreUObject.dll!UnknownFunction []
[2022.04.29-02.01.15:136][884]LogOutputDevice: Error: [Callstack] 0x00007fff5a6780a1 UE4Editor-CoreUObject.dll!UnknownFunction []
[2022.04.29-02.01.15:136][884]LogOutputDevice: Error: [Callstack] 0x00007fff5a56736c UE4Editor-CoreUObject.dll!UnknownFunction []
[2022.04.29-02.01.15:136][884]LogOutputDevice: Error: [Callstack] 0x00007fff5a565412 UE4Editor-CoreUObject.dll!UnknownFunction []
[2022.04.29-02.01.15:136][884]LogOutputDevice: Error: [Callstack] 0x00007fff5a677d99 UE4Editor-CoreUObject.dll!UnknownFunction []
[2022.04.29-02.01.15:136][884]LogOutputDevice: Error: [Callstack] 0x00007fff5a61dced UE4Editor-CoreUObject.dll!UnknownFunction []
[2022.04.29-02.01.15:136][884]LogOutputDevice: Error: [Callstack] 0x00007fff5a6780a1 UE4Editor-CoreUObject.dll!UnknownFunction []
[2022.04.29-02.01.15:136][884]LogOutputDevice: Error: [Callstack] 0x00007fff5a56736c UE4Editor-CoreUObject.dll!UnknownFunction []
[2022.04.29-02.01.15:136][884]LogOutputDevice: Error: [Callstack] 0x00007fff5a61e3f3 UE4Editor-CoreUObject.dll!UnknownFunction []
[2022.04.29-02.01.15:136][884]LogOutputDevice: Error: [Callstack] 0x00007fff5a61c9f7 UE4Editor-CoreUObject.dll!UnknownFunction []
[2022.04.29-02.01.15:136][884]LogOutputDevice: Error: [Callstack] 0x00007fff5a61c6f4 UE4Editor-CoreUObject.dll!UnknownFunction []
[2022.04.29-02.01.15:136][884]LogOutputDevice: Error: [Callstack] 0x00007fff499f0125 UE4Editor-Engine.dll!UnknownFunction []
[2022.04.29-02.01.15:136][884]LogOutputDevice: Error: [Callstack] 0x00007fff499efc5c UE4Editor-Engine.dll!UnknownFunction []
[2022.04.29-02.01.15:136][884]LogOutputDevice: Error: [Callstack] 0x00007fff5a65c315 UE4Editor-CoreUObject.dll!UnknownFunction []
[2022.04.29-02.01.15:136][884]LogOutputDevice: Error: [Callstack] 0x00007fff5a67b619 UE4Editor-CoreUObject.dll!UnknownFunction []
[2022.04.29-02.01.15:136][884]LogOutputDevice: Error: [Callstack] 0x00007fff5a663f55 UE4Editor-CoreUObject.dll!UnknownFunction []
[2022.04.29-02.01.15:136][884]LogOutputDevice: Error: [Callstack] 0x00007fff47d89ddb UE4Editor-UnrealEd.dll!UnknownFunction []
[2022.04.29-02.01.15:136][884]LogOutputDevice: Error: [Callstack] 0x00007fff47d8a757 UE4Editor-UnrealEd.dll!UnknownFunction []
[2022.04.29-02.01.15:136][884]LogOutputDevice: Error: [Callstack] 0x00007fff47dbfce4 UE4Editor-UnrealEd.dll!UnknownFunction []
[2022.04.29-02.01.15:136][884]LogOutputDevice: Error: [Callstack] 0x00007fff47dbc5b5 UE4Editor-UnrealEd.dll!UnknownFunction []
[2022.04.29-02.01.15:136][884]LogOutputDevice: Error: [Callstack] 0x00007fff4854f0aa UE4Editor-UnrealEd.dll!UnknownFunction []
[2022.04.29-02.01.15:136][884]LogOutputDevice: Error: [Callstack] 0x00007fff480fda24 UE4Editor-UnrealEd.dll!UnknownFunction []
[2022.04.29-02.01.15:136][884]LogOutputDevice: Error: [Callstack] 0x00007fff480fc599 UE4Editor-UnrealEd.dll!UnknownFunction []
[2022.04.29-02.01.15:136][884]LogOutputDevice: Error: [Callstack] 0x00007fff481100b2 UE4Editor-UnrealEd.dll!UnknownFunction []
[2022.04.29-02.01.15:136][884]LogOutputDevice: Error: [Callstack] 0x00007fff484f3996 UE4Editor-UnrealEd.dll!UnknownFunction []
[2022.04.29-02.01.15:136][884]LogOutputDevice: Error: [Callstack] 0x00007fff484c6f08 UE4Editor-UnrealEd.dll!UnknownFunction []
[2022.04.29-02.01.15:136][884]LogOutputDevice: Error: [Callstack] 0x00007fff4909180a UE4Editor-Slate.dll!UnknownFunction []
[2022.04.29-02.01.15:136][884]LogOutputDevice: Error: [Callstack] 0x00007fff49169122 UE4Editor-Slate.dll!UnknownFunction []
[2022.04.29-02.01.15:136][884]LogOutputDevice: Error: [Callstack] 0x00007fff4914aa84 UE4Editor-Slate.dll!UnknownFunction []
[2022.04.29-02.01.15:136][884]LogOutputDevice: Error: [Callstack] 0x00007fff49202a12 UE4Editor-Slate.dll!UnknownFunction []
[2022.04.29-02.01.15:137][884]LogOutputDevice: Error: [Callstack] 0x00007fff49054021 UE4Editor-Slate.dll!UnknownFunction []
[2022.04.29-02.01.15:137][884]LogOutputDevice: Error: [Callstack] 0x00007fff490d0301 UE4Editor-Slate.dll!UnknownFunction []
[2022.04.29-02.01.15:137][884]LogOutputDevice: Error: [Callstack] 0x00007fff490baaca UE4Editor-Slate.dll!UnknownFunction []
[2022.04.29-02.01.15:137][884]LogOutputDevice: Error: [Callstack] 0x00007fff490b0414 UE4Editor-Slate.dll!UnknownFunction []
[2022.04.29-02.01.15:137][884]LogOutputDevice: Error: [Callstack] 0x00007fff89e6b8e0 UE4Editor-ApplicationCore.dll!UnknownFunction []
[2022.04.29-02.01.15:137][884]LogOutputDevice: Error: [Callstack] 0x00007fff89e5ef9f UE4Editor-ApplicationCore.dll!UnknownFunction []
[2022.04.29-02.01.15:137][884]LogOutputDevice: Error: [Callstack] 0x00007fff89e6d77f UE4Editor-ApplicationCore.dll!UnknownFunction []
[2022.04.29-02.01.15:137][884]LogOutputDevice: Error: [Callstack] 0x00007fff89e5c090 UE4Editor-ApplicationCore.dll!UnknownFunction []
[2022.04.29-02.01.15:137][884]LogOutputDevice: Error: [Callstack] 0x00007fffa6b8e858 USER32.dll!UnknownFunction []
[2022.04.29-02.01.15:137][884]LogOutputDevice: Error: [Callstack] 0x00007fffa6b8e299 USER32.dll!UnknownFunction []
[2022.04.29-02.01.15:137][884]LogOutputDevice: Error: [Callstack] 0x00007fff89e6e946 UE4Editor-ApplicationCore.dll!UnknownFunction []
[2022.04.29-02.01.15:137][884]LogOutputDevice: Error: [Callstack] 0x00007ff6c6815d3e UE4Editor.exe!UnknownFunction []
[2022.04.29-02.01.15:137][884]LogOutputDevice: Error: [Callstack] 0x00007ff6c682554c UE4Editor.exe!UnknownFunction []
[2022.04.29-02.01.15:137][884]LogOutputDevice: Error: [Callstack] 0x00007ff6c68255ca UE4Editor.exe!UnknownFunction []
[2022.04.29-02.01.15:137][884]LogOutputDevice: Error: [Callstack] 0x00007ff6c683316c UE4Editor.exe!UnknownFunction []
[2022.04.29-02.01.15:137][884]LogOutputDevice: Error: [Callstack] 0x00007ff6c6835b8e UE4Editor.exe!UnknownFunction []
[2022.04.29-02.01.15:137][884]LogOutputDevice: Error: [Callstack] 0x00007fffa69b7034 KERNEL32.DLL!UnknownFunction []
[2022.04.29-02.01.15:137][884]LogOutputDevice: Error: [Callstack] 0x00007fffa6fa2651 ntdll.dll!UnknownFunction []
[2022.04.29-02.01.15:137][884]LogOutputDevice: Error: 
[2022.04.29-02.01.15:145][884]LogStats:                SubmitErrorReport -  0.000 s
[2022.04.29-02.01.26:632][884]LogStats:                    SendNewReport - 11.486 s
[2022.04.29-02.01.26:632][884]LogStats:             FDebug::EnsureFailed - 14.888 s
[2022.04.29-02.01.26:656][884]LogSavePackage: Moving '../../../../../../../Users/andre/OneDrive/Documentos/Unreal Projects/behaviourtreeandres/Saved/follow_Aicontroller7FE0CDA84D54F6DD519986A7A018811F.tmp' to '../../../../../../../Users/andre/OneDrive/Documentos/Unreal Projects/behaviourtreeandres/Content/ThirdPersonBP/Blueprints/follow_Aicontroller.uasset'
[2022.04.29-02.03.11:280][974]LogUObjectHash: Compacting FUObjectHashTables data took   5.27ms
[2022.04.29-02.03.11:280][974]LogFileHelpers: Editor autosave (incl. sublevels) for '/Game/ThirdPersonBP/Maps/ThirdPersonExampleMap' took 0.064
[2022.04.29-02.03.11:282][974]OBJ SavePackage: Generating thumbnails for [0] asset(s) in package [/Game/ThirdPersonBP/Blueprints/Ai/BehaviorTree_Follow] ([1] browsable assets)...
[2022.04.29-02.03.11:282][974]OBJ SavePackage: Finished generating thumbnails for package [/Game/ThirdPersonBP/Blueprints/Ai/BehaviorTree_Follow]
[2022.04.29-02.03.11:290][974]LogSavePackage: Moving '../../../../../../../Users/andre/OneDrive/Documentos/Unreal Projects/behaviourtreeandres/Saved/BehaviorTree_Follow_Auto229E7B7C14952F01E43D917B5912B16C7.tmp' to '../../../../../../../Users/andre/OneDrive/Documentos/Unreal Projects/behaviourtreeandres/Saved/Autosaves/Game/ThirdPersonBP/Blueprints/Ai/BehaviorTree_Follow_Auto2.uasset'
[2022.04.29-02.03.11:292][974]LogFileHelpers: Auto-saving content packages took 0.011
[2022.04.29-02.03.50:342][175]LogSlate: Window 'Follow_Aicontroller' being destroyed
[2022.04.29-02.03.50:347][175]LogSlate: Window 'Follow_Aicontroller' being destroyed
[2022.04.29-02.03.54:959][420]LogAssetEditorManager: Opening Asset editor for BehaviorTree /Game/ThirdPersonBP/Blueprints/Ai/BehaviorTree_Follow.BehaviorTree_Follow
[2022.04.29-02.04.18:500][613]LogAssetEditorManager: Opening Asset editor for Blueprint /Game/ThirdPersonBP/Blueprints/Ai/BTTask_BlueprintBase_New.BTTask_BlueprintBase_New
[2022.04.29-02.04.19:025][613]LogPackageName: SearchForPackageOnDisk took   0.001s, but failed to resolve /Game/ThirdPersonBP/Blueprints/Ai/BTTask_BlueprintBase_New.
[2022.04.29-02.04.31:616][992]LogSlate: Window 'BTTask_BlueprintBase_New' being destroyed
[2022.04.29-02.04.31:621][992]LogSlate: Window 'BTTask_BlueprintBase_New' being destroyed
[2022.04.29-02.04.47:355][918]LogUObjectHash: Compacting FUObjectHashTables data took   7.24ms
[2022.04.29-02.04.47:364][918]LogMetaData: Removing '/Game/ThirdPersonBP/Blueprints/Ai/task_move.SKEL_task_move_C' ref from Metadata '/Game/ThirdPersonBP/Blueprints/Ai/BTTask_BlueprintBase_New.PackageMetaData'
[2022.04.29-02.04.47:364][918]LogMetaData: Removing '/Game/ThirdPersonBP/Blueprints/Ai/task_move.task_move_C' ref from Metadata '/Game/ThirdPersonBP/Blueprints/Ai/BTTask_BlueprintBase_New.PackageMetaData'
[2022.04.29-02.04.47:416][918]LogSavePackage: Moving '../../../../../../../Users/andre/OneDrive/Documentos/Unreal Projects/behaviourtreeandres/Saved/task_moveA00BE0634861224B3F30FCBD608A4ACC.tmp' to '../../../../../../../Users/andre/OneDrive/Documentos/Unreal Projects/behaviourtreeandres/Content/ThirdPersonBP/Blueprints/Ai/task_move.uasset'
[2022.04.29-02.04.47:668][918]LogUObjectHash: Compacting FUObjectHashTables data took   3.66ms
[2022.04.29-02.04.47:717][918]LogUObjectHash: Compacting FUObjectHashTables data took   2.87ms
[2022.04.29-02.04.47:762][918]LogUObjectHash: Compacting FUObjectHashTables data took   1.02ms
[2022.04.29-02.04.47:843][920]LogPackageName: SearchForPackageOnDisk took   0.000s to resolve /Game/ThirdPersonBP/Blueprints/Ai/task_move.
[2022.04.29-02.04.49:423][ 10]LogAssetEditorManager: Opening Asset editor for Blueprint /Game/ThirdPersonBP/Blueprints/Ai/task_move.task_move
[2022.04.29-02.04.54:740][286]LogSlate: Window 'task_move' being destroyed
[2022.04.29-02.04.54:746][286]LogSlate: Window 'task_move' being destroyed
[2022.04.29-02.05.45:053][582]LogAssetEditorManager: Opening Asset editor for Blueprint /Game/ThirdPersonBP/Blueprints/Ai/task_move.task_move
[2022.04.29-02.06.00:948][425]LogSlate: Window 'Find in Blueprints' being destroyed
[2022.04.29-02.06.00:957][425]LogSlate: Window 'Find in Blueprints' being destroyed
[2022.04.29-02.06.02:499][518]LogSlate: Window 'task_move' being destroyed
[2022.04.29-02.06.02:505][518]LogSlate: Window 'task_move' being destroyed
[2022.04.29-02.06.09:858][947]LogAssetEditorManager: Opening Asset editor for Blueprint /Game/ThirdPersonBP/Blueprints/Ai/task_move.task_move
[2022.04.29-02.06.11:879][ 36]LogSlate: Window 'task_move' being destroyed
[2022.04.29-02.06.11:886][ 36]LogSlate: Window 'task_move' being destroyed
[2022.04.29-02.06.15:780][259]LogAssetEditorManager: Opening Asset editor for BlackboardData /Game/ThirdPersonBP/Blueprints/Ai/blackboard_p.blackboard_p
[2022.04.29-02.06.41:682][795]LogSlate: Window 'blackboard_p' being destroyed
[2022.04.29-02.06.41:688][795]LogSlate: Window 'blackboard_p' being destroyed
[2022.04.29-02.06.46:265][  9]LogTemp: Repeating last play command: Selected Viewport
[2022.04.29-02.06.46:276][  9]LogBlueprintUserMessages: Early PlayInEditor Detection: Level '/Game/ThirdPersonBP/Maps/ThirdPersonExampleMap.ThirdPersonExampleMap:PersistentLevel' has LevelScriptBlueprint '/Game/ThirdPersonBP/Maps/ThirdPersonExampleMap.ThirdPersonExampleMap:PersistentLevel.ThirdPersonExampleMap' with GeneratedClass '/Game/ThirdPersonBP/Maps/ThirdPersonExampleMap.ThirdPersonExampleMap_C' with ClassGeneratedBy '/Game/ThirdPersonBP/Maps/ThirdPersonExampleMap.ThirdPersonExampleMap:PersistentLevel.ThirdPersonExampleMap'
[2022.04.29-02.06.46:276][  9]LogPlayLevel: PlayLevel: No blueprints needed recompiling
[2022.04.29-02.06.46:276][  9]PIE: New page: PIE session: ThirdPersonExampleMap (Apr 28, 2022, 4:06:46 PM)
[2022.04.29-02.06.46:276][  9]LogPlayLevel: Creating play world package: /Game/ThirdPersonBP/Maps/UEDPIE_0_ThirdPersonExampleMap
[2022.04.29-02.06.46:291][  9]LogPlayLevel: PIE: StaticDuplicateObject took: (0.015240s)
[2022.04.29-02.06.46:292][  9]LogAIModule: Creating AISystem for world ThirdPersonExampleMap
[2022.04.29-02.06.46:292][  9]LogPlayLevel: PIE: World Init took: (0.001140s)
[2022.04.29-02.06.46:292][  9]LogPlayLevel: PIE: Created PIE world by copying editor world from /Game/ThirdPersonBP/Maps/ThirdPersonExampleMap.ThirdPersonExampleMap to /Game/ThirdPersonBP/Maps/UEDPIE_0_ThirdPersonExampleMap.ThirdPersonExampleMap (0.016595s)
[2022.04.29-02.06.46:340][  9]LogUObjectHash: Compacting FUObjectHashTables data took   3.48ms
[2022.04.29-02.06.46:355][  9]LogInit: XAudio2 using 'Altavoz/Auricular (Realtek High Definition Audio)' : 2 channels at 48 kHz using 32 bits per sample (channel mask 0x3)
[2022.04.29-02.06.46:400][  9]LogInit: FAudioDevice initialized.
[2022.04.29-02.06.46:431][  9]LogLoad: Game class is 'ThirdPersonGameMode_C'
[2022.04.29-02.06.46:438][  9]LogWorld: Bringing World /Game/ThirdPersonBP/Maps/UEDPIE_0_ThirdPersonExampleMap.ThirdPersonExampleMap up for play (max tick rate 60) at 2022.04.28-21.06.46
[2022.04.29-02.06.46:439][  9]LogWorld: Bringing up level for play took: 0.005276
[2022.04.29-02.06.46:455][  9]PIE: Play in editor start time for /Game/ThirdPersonBP/Maps/UEDPIE_0_ThirdPersonExampleMap -0.72
[2022.04.29-02.06.46:455][  9]LogBlueprintUserMessages: Late PlayInEditor Detection: Level '/Game/ThirdPersonBP/Maps/ThirdPersonExampleMap.ThirdPersonExampleMap:PersistentLevel' has LevelScriptBlueprint '/Game/ThirdPersonBP/Maps/ThirdPersonExampleMap.ThirdPersonExampleMap:PersistentLevel.ThirdPersonExampleMap' with GeneratedClass '/Game/ThirdPersonBP/Maps/ThirdPersonExampleMap.ThirdPersonExampleMap_C' with ClassGeneratedBy '/Game/ThirdPersonBP/Maps/ThirdPersonExampleMap.ThirdPersonExampleMap:PersistentLevel.ThirdPersonExampleMap'
[2022.04.29-02.06.57:286][656]LogBlueprintUserMessages: Early EndPlayMap Detection: Level '/Game/ThirdPersonBP/Maps/ThirdPersonExampleMap.ThirdPersonExampleMap:PersistentLevel' has LevelScriptBlueprint '/Game/ThirdPersonBP/Maps/ThirdPersonExampleMap.ThirdPersonExampleMap:PersistentLevel.ThirdPersonExampleMap' with GeneratedClass '/Game/ThirdPersonBP/Maps/ThirdPersonExampleMap.ThirdPersonExampleMap_C' with ClassGeneratedBy '/Game/ThirdPersonBP/Maps/ThirdPersonExampleMap.ThirdPersonExampleMap:PersistentLevel.ThirdPersonExampleMap'
[2022.04.29-02.06.57:287][656]LogSlate: Updating window title bar state: overlay mode, drag disabled, window buttons hidden, title bar hidden
[2022.04.29-02.06.57:329][656]LogPlayLevel: Display: Shutting down PIE online subsystems
[2022.04.29-02.06.57:329][656]LogBlueprintUserMessages: Late EndPlayMap Detection: Level '/Game/ThirdPersonBP/Maps/ThirdPersonExampleMap.ThirdPersonExampleMap:PersistentLevel' has LevelScriptBlueprint '/Game/ThirdPersonBP/Maps/ThirdPersonExampleMap.ThirdPersonExampleMap:PersistentLevel.ThirdPersonExampleMap' with GeneratedClass '/Game/ThirdPersonBP/Maps/ThirdPersonExampleMap.ThirdPersonExampleMap_C' with ClassGeneratedBy '/Game/ThirdPersonBP/Maps/ThirdPersonExampleMap.ThirdPersonExampleMap:PersistentLevel.ThirdPersonExampleMap'
[2022.04.29-02.06.57:404][656]LogSlate: Updating window title bar state: overlay mode, drag disabled, window buttons hidden, title bar hidden
[2022.04.29-02.06.57:414][656]LogUObjectHash: Compacting FUObjectHashTables data took   4.46ms
[2022.04.29-02.06.57:478][657]LogPlayLevel: Display: Destroying online subsystem :Context_14
[2022.04.29-02.06.58:536][712]LogEditorViewport: Clicking on Actor (LMB): StaticMeshActor (Floor)
[2022.04.29-02.07.01:855][889]LogSlate: FSceneViewport::OnFocusLost() reason 0
[2022.04.29-02.07.02:133][905]LogAssetEditorManager: Opening Asset editor for Blueprint /Game/ThirdPersonBP/Blueprints/Ai/task_move.task_move
[2022.04.29-02.07.13:731][534]LogSlate: Window 'Default__task_move_C - Property Editor' being destroyed
[2022.04.29-02.07.13:736][534]LogSlate: Window 'Default__task_move_C - Property Editor' being destroyed
[2022.04.29-02.07.57:428][808]LogAssetEditorManager: Opening Asset editor for BehaviorTree /Game/ThirdPersonBP/Blueprints/Ai/BehaviorTree_p.BehaviorTree_p
[2022.04.29-02.08.05:376][103]LogSlate: Window 'blackboard_p' being destroyed
[2022.04.29-02.08.05:385][103]LogSlate: Window 'blackboard_p' being destroyed
[2022.04.29-02.08.09:695][359]LogAssetEditorManager: Opening Asset editor for Blueprint /Game/ThirdPersonBP/Blueprints/Ai/task_move.task_move
[2022.04.29-02.08.23:159][ 57]LogSlate: Window 'task_move' being destroyed
[2022.04.29-02.08.30:686][440]Cmd: DELETE
[2022.04.29-02.08.30:686][440]Cmd: ACTOR DELETE
[2022.04.29-02.08.30:876][440]LogEditorActor: Deleted Actor: StaticMeshActor
[2022.04.29-02.08.30:949][440]LogUObjectHash: Compacting FUObjectHashTables data took   1.53ms
[2022.04.29-02.08.30:949][440]LogEditorActor: Deleted 1 Actors (0.095 secs)
[2022.04.29-02.08.35:599][713]Cmd: TRANSACTION UNDO
[2022.04.29-02.08.35:599][713]LogEditorTransaction: Undo Delete Actors
[2022.04.29-02.08.42:995][ 85]LogUObjectHash: Compacting FUObjectHashTables data took   2.53ms
[2022.04.29-02.08.47:317][ 85]LogSlate: Window 'Delete Assets' being destroyed
[2022.04.29-02.08.47:451][ 85]LogUObjectHash: Compacting FUObjectHashTables data took   2.91ms
[2022.04.29-02.08.47:502][ 85]LogUObjectHash: Compacting FUObjectHashTables data took   2.86ms
[2022.04.29-02.08.47:546][ 85]LogUObjectHash: Compacting FUObjectHashTables data took   1.02ms
[2022.04.29-02.08.53:007][375]LogAssetEditorManager: Opening Asset editor for BehaviorTree /Game/ThirdPersonBP/Blueprints/Ai/BehaviorTree_Follow.BehaviorTree_Follow
[2022.04.29-02.08.54:820][442]LogSlate: Prevented a slow task dialog from being summoned while a context menu was open
[2022.04.29-02.09.03:209][914]LogSlate: Window 'BehaviorTree_Follow' being destroyed
[2022.04.29-02.09.05:197][  6]LogAssetEditorManager: Opening Asset editor for BehaviorTree /Game/ThirdPersonBP/Blueprints/Ai/BehaviorTree_Follow.BehaviorTree_Follow
[2022.04.29-02.09.09:289][214]LogSlate: Prevented a slow task dialog from being summoned while a context menu was open
[2022.04.29-02.09.09:289][214]LogAssetEditorManager: Opening Asset editor for Blueprint /Game/ThirdPersonBP/Blueprints/Ai/BTTask_BlueprintBase_New.BTTask_BlueprintBase_New
[2022.04.29-02.09.09:713][214]LogPackageName: SearchForPackageOnDisk took   0.001s, but failed to resolve /Game/ThirdPersonBP/Blueprints/Ai/BTTask_BlueprintBase_New.
